

Microchip MPLAB XC8 Assembler V2.41 build 20230208172133 
                                                                                               Fri Aug 18 20:22:22 2023

Microchip MPLAB XC8 C Compiler v2.41 (Free license) build 20230208172133 Og1 
     1                           	processor	16F1939
     2                           	pagewidth 120
     3                           	opt	flic
     4                           	psect	idataCOMMON,global,class=CODE,delta=2,noexec
     5                           	psect	cinit,global,class=CODE,merge=1,delta=2
     6                           	psect	dataCOMMON,global,class=COMMON,space=1,delta=1,noexec
     7                           	psect	cstackCOMMON,global,class=COMMON,space=1,delta=1,noexec
     8                           	psect	maintext,global,class=CODE,merge=1,split=1,delta=2
     9                           	psect	config,global,abs,ovrld,class=CONFIG,space=4,delta=2,noexec
    10                           	dabs	1,0x7E,2
    11     0000                     
    12                           ; Generated 06/07/2023 GMT
    13                           ; 
    14                           ; Copyright © 2023, Microchip Technology Inc. and its subsidiaries ("Microchip")
    15                           ; All rights reserved.
    16                           ; 
    17                           ; This software is developed by Microchip Technology Inc. and its subsidiaries ("Microch
      +                          ip").
    18                           ; 
    19                           ; Redistribution and use in source and binary forms, with or without modification, are
    20                           ; permitted provided that the following conditions are met:
    21                           ; 
    22                           ;     1. Redistributions of source code must retain the above copyright notice, this lis
      +                          t of
    23                           ;        conditions and the following disclaimer.
    24                           ; 
    25                           ;     2. Redistributions in binary form must reproduce the above copyright notice, this 
      +                          list
    26                           ;        of conditions and the following disclaimer in the documentation and/or other
    27                           ;        materials provided with the distribution. Publication is not required when
    28                           ;        this file is used in an embedded application.
    29                           ; 
    30                           ;     3. Microchip's name may not be used to endorse or promote products derived from th
      +                          is
    31                           ;        software without specific prior written permission.
    32                           ; 
    33                           ; THIS SOFTWARE IS PROVIDED BY MICROCHIP "AS IS" AND ANY EXPRESS OR IMPLIED WARRANTIES,
    34                           ; INCLUDING, BUT NOT LIMITED TO, THE IMPLIED WARRANTIES OF MERCHANTABILITY AND FITNESS F
      +                          OR
    35                           ; PURPOSE ARE DISCLAIMED.  IN NO EVENT SHALL MICROCHIP BE LIABLE FOR ANY DIRECT, INDIREC
      +                          T,
    36                           ; INCIDENTAL, SPECIAL, EXEMPLARY, OR CONSEQUENTIAL DAMAGES (INCLUDING BUT NOT LIMITED TO
    37                           ; PROCUREMENT OF SUBSTITUTE GOODS OR SERVICES; LOSS OF USE, DATA OR PROFITS; OR BUSINESS
    38                           ; INTERRUPTION) HOWSOEVER CAUSED AND ON ANY THEORY OF LIABILITY, WHETHER IN CONTRACT, ST
      +                          RICT
    39                           ; LIABILITY, OR TORT (INCLUDING NEGLIGENCE OR OTHERWISE) ARISING IN ANY WAY OUT OF THE U
      +                          SE OF
    40                           ; THIS SOFTWARE, EVEN IF ADVISED OF THE POSSIBILITY OF SUCH DAMAGE.
    41                           ; 
    42                           ; 
    43                           ; Code-generator required, PIC16F1939 Definitions
    44                           ; 
    45                           ; SFR Addresses
    46     0000                     	;# 
    47     0001                     	;# 
    48     0002                     	;# 
    49     0003                     	;# 
    50     0004                     	;# 
    51     0005                     	;# 
    52     0006                     	;# 
    53     0007                     	;# 
    54     0008                     	;# 
    55     0009                     	;# 
    56     000A                     	;# 
    57     000B                     	;# 
    58     000C                     	;# 
    59     000D                     	;# 
    60     000E                     	;# 
    61     000F                     	;# 
    62     0010                     	;# 
    63     0011                     	;# 
    64     0012                     	;# 
    65     0013                     	;# 
    66     0015                     	;# 
    67     0016                     	;# 
    68     0016                     	;# 
    69     0017                     	;# 
    70     0018                     	;# 
    71     0019                     	;# 
    72     001A                     	;# 
    73     001B                     	;# 
    74     001C                     	;# 
    75     001E                     	;# 
    76     001F                     	;# 
    77     008C                     	;# 
    78     008D                     	;# 
    79     008E                     	;# 
    80     008F                     	;# 
    81     0090                     	;# 
    82     0091                     	;# 
    83     0092                     	;# 
    84     0093                     	;# 
    85     0095                     	;# 
    86     0096                     	;# 
    87     0097                     	;# 
    88     0098                     	;# 
    89     0099                     	;# 
    90     009A                     	;# 
    91     009B                     	;# 
    92     009B                     	;# 
    93     009C                     	;# 
    94     009D                     	;# 
    95     009E                     	;# 
    96     010C                     	;# 
    97     010D                     	;# 
    98     010E                     	;# 
    99     010F                     	;# 
   100     0110                     	;# 
   101     0111                     	;# 
   102     0112                     	;# 
   103     0113                     	;# 
   104     0114                     	;# 
   105     0115                     	;# 
   106     0116                     	;# 
   107     0117                     	;# 
   108     0118                     	;# 
   109     0119                     	;# 
   110     011A                     	;# 
   111     011B                     	;# 
   112     011D                     	;# 
   113     018C                     	;# 
   114     018D                     	;# 
   115     018F                     	;# 
   116     0190                     	;# 
   117     0191                     	;# 
   118     0191                     	;# 
   119     0192                     	;# 
   120     0193                     	;# 
   121     0193                     	;# 
   122     0193                     	;# 
   123     0194                     	;# 
   124     0195                     	;# 
   125     0196                     	;# 
   126     0199                     	;# 
   127     019A                     	;# 
   128     019B                     	;# 
   129     019B                     	;# 
   130     019B                     	;# 
   131     019B                     	;# 
   132     019C                     	;# 
   133     019C                     	;# 
   134     019D                     	;# 
   135     019E                     	;# 
   136     019F                     	;# 
   137     020D                     	;# 
   138     0210                     	;# 
   139     0211                     	;# 
   140     0212                     	;# 
   141     0213                     	;# 
   142     0214                     	;# 
   143     0215                     	;# 
   144     0215                     	;# 
   145     0216                     	;# 
   146     0217                     	;# 
   147     0291                     	;# 
   148     0291                     	;# 
   149     0292                     	;# 
   150     0293                     	;# 
   151     0294                     	;# 
   152     0295                     	;# 
   153     0295                     	;# 
   154     0296                     	;# 
   155     0298                     	;# 
   156     0298                     	;# 
   157     0299                     	;# 
   158     029A                     	;# 
   159     029B                     	;# 
   160     029C                     	;# 
   161     029C                     	;# 
   162     029D                     	;# 
   163     029E                     	;# 
   164     029F                     	;# 
   165     0311                     	;# 
   166     0311                     	;# 
   167     0312                     	;# 
   168     0313                     	;# 
   169     0314                     	;# 
   170     0315                     	;# 
   171     0315                     	;# 
   172     0316                     	;# 
   173     0318                     	;# 
   174     0318                     	;# 
   175     0319                     	;# 
   176     031A                     	;# 
   177     031C                     	;# 
   178     031C                     	;# 
   179     031D                     	;# 
   180     031E                     	;# 
   181     0394                     	;# 
   182     0395                     	;# 
   183     0396                     	;# 
   184     0415                     	;# 
   185     0416                     	;# 
   186     0417                     	;# 
   187     041C                     	;# 
   188     041D                     	;# 
   189     041E                     	;# 
   190     0791                     	;# 
   191     0792                     	;# 
   192     0793                     	;# 
   193     0794                     	;# 
   194     0795                     	;# 
   195     0798                     	;# 
   196     0799                     	;# 
   197     079A                     	;# 
   198     07A0                     	;# 
   199     07A1                     	;# 
   200     07A2                     	;# 
   201     07A3                     	;# 
   202     07A4                     	;# 
   203     07A5                     	;# 
   204     07A6                     	;# 
   205     07A7                     	;# 
   206     07A8                     	;# 
   207     07A9                     	;# 
   208     07AA                     	;# 
   209     07AB                     	;# 
   210     0FE4                     	;# 
   211     0FE5                     	;# 
   212     0FE6                     	;# 
   213     0FE7                     	;# 
   214     0FE8                     	;# 
   215     0FE9                     	;# 
   216     0FEA                     	;# 
   217     0FEB                     	;# 
   218     0FED                     	;# 
   219     0FEE                     	;# 
   220     0FEF                     	;# 
   221     0000                     	;# 
   222     0001                     	;# 
   223     0002                     	;# 
   224     0003                     	;# 
   225     0004                     	;# 
   226     0005                     	;# 
   227     0006                     	;# 
   228     0007                     	;# 
   229     0008                     	;# 
   230     0009                     	;# 
   231     000A                     	;# 
   232     000B                     	;# 
   233     000C                     	;# 
   234     000D                     	;# 
   235     000E                     	;# 
   236     000F                     	;# 
   237     0010                     	;# 
   238     0011                     	;# 
   239     0012                     	;# 
   240     0013                     	;# 
   241     0015                     	;# 
   242     0016                     	;# 
   243     0016                     	;# 
   244     0017                     	;# 
   245     0018                     	;# 
   246     0019                     	;# 
   247     001A                     	;# 
   248     001B                     	;# 
   249     001C                     	;# 
   250     001E                     	;# 
   251     001F                     	;# 
   252     008C                     	;# 
   253     008D                     	;# 
   254     008E                     	;# 
   255     008F                     	;# 
   256     0090                     	;# 
   257     0091                     	;# 
   258     0092                     	;# 
   259     0093                     	;# 
   260     0095                     	;# 
   261     0096                     	;# 
   262     0097                     	;# 
   263     0098                     	;# 
   264     0099                     	;# 
   265     009A                     	;# 
   266     009B                     	;# 
   267     009B                     	;# 
   268     009C                     	;# 
   269     009D                     	;# 
   270     009E                     	;# 
   271     010C                     	;# 
   272     010D                     	;# 
   273     010E                     	;# 
   274     010F                     	;# 
   275     0110                     	;# 
   276     0111                     	;# 
   277     0112                     	;# 
   278     0113                     	;# 
   279     0114                     	;# 
   280     0115                     	;# 
   281     0116                     	;# 
   282     0117                     	;# 
   283     0118                     	;# 
   284     0119                     	;# 
   285     011A                     	;# 
   286     011B                     	;# 
   287     011D                     	;# 
   288     018C                     	;# 
   289     018D                     	;# 
   290     018F                     	;# 
   291     0190                     	;# 
   292     0191                     	;# 
   293     0191                     	;# 
   294     0192                     	;# 
   295     0193                     	;# 
   296     0193                     	;# 
   297     0193                     	;# 
   298     0194                     	;# 
   299     0195                     	;# 
   300     0196                     	;# 
   301     0199                     	;# 
   302     019A                     	;# 
   303     019B                     	;# 
   304     019B                     	;# 
   305     019B                     	;# 
   306     019B                     	;# 
   307     019C                     	;# 
   308     019C                     	;# 
   309     019D                     	;# 
   310     019E                     	;# 
   311     019F                     	;# 
   312     020D                     	;# 
   313     0210                     	;# 
   314     0211                     	;# 
   315     0212                     	;# 
   316     0213                     	;# 
   317     0214                     	;# 
   318     0215                     	;# 
   319     0215                     	;# 
   320     0216                     	;# 
   321     0217                     	;# 
   322     0291                     	;# 
   323     0291                     	;# 
   324     0292                     	;# 
   325     0293                     	;# 
   326     0294                     	;# 
   327     0295                     	;# 
   328     0295                     	;# 
   329     0296                     	;# 
   330     0298                     	;# 
   331     0298                     	;# 
   332     0299                     	;# 
   333     029A                     	;# 
   334     029B                     	;# 
   335     029C                     	;# 
   336     029C                     	;# 
   337     029D                     	;# 
   338     029E                     	;# 
   339     029F                     	;# 
   340     0311                     	;# 
   341     0311                     	;# 
   342     0312                     	;# 
   343     0313                     	;# 
   344     0314                     	;# 
   345     0315                     	;# 
   346     0315                     	;# 
   347     0316                     	;# 
   348     0318                     	;# 
   349     0318                     	;# 
   350     0319                     	;# 
   351     031A                     	;# 
   352     031C                     	;# 
   353     031C                     	;# 
   354     031D                     	;# 
   355     031E                     	;# 
   356     0394                     	;# 
   357     0395                     	;# 
   358     0396                     	;# 
   359     0415                     	;# 
   360     0416                     	;# 
   361     0417                     	;# 
   362     041C                     	;# 
   363     041D                     	;# 
   364     041E                     	;# 
   365     0791                     	;# 
   366     0792                     	;# 
   367     0793                     	;# 
   368     0794                     	;# 
   369     0795                     	;# 
   370     0798                     	;# 
   371     0799                     	;# 
   372     079A                     	;# 
   373     07A0                     	;# 
   374     07A1                     	;# 
   375     07A2                     	;# 
   376     07A3                     	;# 
   377     07A4                     	;# 
   378     07A5                     	;# 
   379     07A6                     	;# 
   380     07A7                     	;# 
   381     07A8                     	;# 
   382     07A9                     	;# 
   383     07AA                     	;# 
   384     07AB                     	;# 
   385     0FE4                     	;# 
   386     0FE5                     	;# 
   387     0FE6                     	;# 
   388     0FE7                     	;# 
   389     0FE8                     	;# 
   390     0FE9                     	;# 
   391     0FEA                     	;# 
   392     0FEB                     	;# 
   393     0FED                     	;# 
   394     0FEE                     	;# 
   395     0FEF                     	;# 
   396     0000                     	;# 
   397     0001                     	;# 
   398     0002                     	;# 
   399     0003                     	;# 
   400     0004                     	;# 
   401     0005                     	;# 
   402     0006                     	;# 
   403     0007                     	;# 
   404     0008                     	;# 
   405     0009                     	;# 
   406     000A                     	;# 
   407     000B                     	;# 
   408     000C                     	;# 
   409     000D                     	;# 
   410     000E                     	;# 
   411     000F                     	;# 
   412     0010                     	;# 
   413     0011                     	;# 
   414     0012                     	;# 
   415     0013                     	;# 
   416     0015                     	;# 
   417     0016                     	;# 
   418     0016                     	;# 
   419     0017                     	;# 
   420     0018                     	;# 
   421     0019                     	;# 
   422     001A                     	;# 
   423     001B                     	;# 
   424     001C                     	;# 
   425     001E                     	;# 
   426     001F                     	;# 
   427     008C                     	;# 
   428     008D                     	;# 
   429     008E                     	;# 
   430     008F                     	;# 
   431     0090                     	;# 
   432     0091                     	;# 
   433     0092                     	;# 
   434     0093                     	;# 
   435     0095                     	;# 
   436     0096                     	;# 
   437     0097                     	;# 
   438     0098                     	;# 
   439     0099                     	;# 
   440     009A                     	;# 
   441     009B                     	;# 
   442     009B                     	;# 
   443     009C                     	;# 
   444     009D                     	;# 
   445     009E                     	;# 
   446     010C                     	;# 
   447     010D                     	;# 
   448     010E                     	;# 
   449     010F                     	;# 
   450     0110                     	;# 
   451     0111                     	;# 
   452     0112                     	;# 
   453     0113                     	;# 
   454     0114                     	;# 
   455     0115                     	;# 
   456     0116                     	;# 
   457     0117                     	;# 
   458     0118                     	;# 
   459     0119                     	;# 
   460     011A                     	;# 
   461     011B                     	;# 
   462     011D                     	;# 
   463     018C                     	;# 
   464     018D                     	;# 
   465     018F                     	;# 
   466     0190                     	;# 
   467     0191                     	;# 
   468     0191                     	;# 
   469     0192                     	;# 
   470     0193                     	;# 
   471     0193                     	;# 
   472     0193                     	;# 
   473     0194                     	;# 
   474     0195                     	;# 
   475     0196                     	;# 
   476     0199                     	;# 
   477     019A                     	;# 
   478     019B                     	;# 
   479     019B                     	;# 
   480     019B                     	;# 
   481     019B                     	;# 
   482     019C                     	;# 
   483     019C                     	;# 
   484     019D                     	;# 
   485     019E                     	;# 
   486     019F                     	;# 
   487     020D                     	;# 
   488     0210                     	;# 
   489     0211                     	;# 
   490     0212                     	;# 
   491     0213                     	;# 
   492     0214                     	;# 
   493     0215                     	;# 
   494     0215                     	;# 
   495     0216                     	;# 
   496     0217                     	;# 
   497     0291                     	;# 
   498     0291                     	;# 
   499     0292                     	;# 
   500     0293                     	;# 
   501     0294                     	;# 
   502     0295                     	;# 
   503     0295                     	;# 
   504     0296                     	;# 
   505     0298                     	;# 
   506     0298                     	;# 
   507     0299                     	;# 
   508     029A                     	;# 
   509     029B                     	;# 
   510     029C                     	;# 
   511     029C                     	;# 
   512     029D                     	;# 
   513     029E                     	;# 
   514     029F                     	;# 
   515     0311                     	;# 
   516     0311                     	;# 
   517     0312                     	;# 
   518     0313                     	;# 
   519     0314                     	;# 
   520     0315                     	;# 
   521     0315                     	;# 
   522     0316                     	;# 
   523     0318                     	;# 
   524     0318                     	;# 
   525     0319                     	;# 
   526     031A                     	;# 
   527     031C                     	;# 
   528     031C                     	;# 
   529     031D                     	;# 
   530     031E                     	;# 
   531     0394                     	;# 
   532     0395                     	;# 
   533     0396                     	;# 
   534     0415                     	;# 
   535     0416                     	;# 
   536     0417                     	;# 
   537     041C                     	;# 
   538     041D                     	;# 
   539     041E                     	;# 
   540     0791                     	;# 
   541     0792                     	;# 
   542     0793                     	;# 
   543     0794                     	;# 
   544     0795                     	;# 
   545     0798                     	;# 
   546     0799                     	;# 
   547     079A                     	;# 
   548     07A0                     	;# 
   549     07A1                     	;# 
   550     07A2                     	;# 
   551     07A3                     	;# 
   552     07A4                     	;# 
   553     07A5                     	;# 
   554     07A6                     	;# 
   555     07A7                     	;# 
   556     07A8                     	;# 
   557     07A9                     	;# 
   558     07AA                     	;# 
   559     07AB                     	;# 
   560     0FE4                     	;# 
   561     0FE5                     	;# 
   562     0FE6                     	;# 
   563     0FE7                     	;# 
   564     0FE8                     	;# 
   565     0FE9                     	;# 
   566     0FEA                     	;# 
   567     0FEB                     	;# 
   568     0FED                     	;# 
   569     0FEE                     	;# 
   570     0FEF                     	;# 
   571                           
   572                           	psect	idataCOMMON
   573     074D                     __pidataCOMMON:
   574                           
   575                           ;initializer for _T
   576     074D  340A               	retlw	10
   577     000F                     _PORTD	set	15
   578     008F                     _TRISD	set	143
   579                           
   580                           	psect	cinit
   581     07F9                     start_initialization:	
   582                           ; #config settings
   583                           
   584     07F9                     __initialization:
   585                           
   586                           ; Initialize objects allocated to COMMON
   587     07F9  3187  274D  3187   	fcall	__pidataCOMMON	;fetch initializer
   588     07FC  00F0               	movwf	__pdataCOMMON& (0+127)
   589     07FD                     end_of_initialization:	
   590                           ;End of C runtime variable initialization code
   591                           
   592     07FD                     __end_of__initialization:
   593     07FD  0020               	movlb	0
   594     07FE  3187  2F4E         	ljmp	_main	;jump to C main() function
   595                           
   596                           	psect	dataCOMMON
   597     0070                     __pdataCOMMON:
   598     0070                     _T:
   599     0070                     	ds	1
   600                           
   601                           	psect	cstackCOMMON
   602     0071                     __pcstackCOMMON:
   603     0071                     ?_main:
   604     0071                     ??_main:	
   605                           ; 1 bytes @ 0x0
   606                           
   607                           
   608                           ; 1 bytes @ 0x0
   609     0071                     	ds	1
   610                           
   611                           	psect	maintext
   612     074E                     __pmaintext:	
   613 ;;
   614 ;;Main: autosize = 0, tempsize = 1, incstack = 0, save=0
   615 ;;
   616 ;; *************** function _main *****************
   617 ;; Defined at:
   618 ;;		line 4 in file "main.c"
   619 ;; Parameters:    Size  Location     Type
   620 ;;		None
   621 ;; Auto vars:     Size  Location     Type
   622 ;;		None
   623 ;; Return value:  Size  Location     Type
   624 ;;                  1    wreg      void 
   625 ;; Registers used:
   626 ;;		wreg, status,2
   627 ;; Tracked objects:
   628 ;;		On entry : B1F/0
   629 ;;		On exit  : 0/0
   630 ;;		Unchanged: 0/0
   631 ;; Data sizes:     COMMON   BANK0   BANK1   BANK2   BANK3   BANK4   BANK5   BANK6   BANK7   BANK8   BANK9  BANK10  BANK1
      +1  BANK12
   632 ;;      Params:         0       0       0       0       0       0       0       0       0       0       0       0       
      +0       0
   633 ;;      Locals:         0       0       0       0       0       0       0       0       0       0       0       0       
      +0       0
   634 ;;      Temps:          1       0       0       0       0       0       0       0       0       0       0       0       
      +0       0
   635 ;;      Totals:         1       0       0       0       0       0       0       0       0       0       0       0       
      +0       0
   636 ;;Total ram usage:        1 bytes
   637 ;; This function calls:
   638 ;;		Nothing
   639 ;; This function is called by:
   640 ;;		Startup code after reset
   641 ;; This function uses a non-reentrant model
   642 ;;
   643                           
   644     074E                     _main:	
   645                           ;psect for function _main
   646                           
   647     074E                     l624:	
   648                           ;incstack = 0
   649                           ; Regs used in _main: [wreg+status,2]
   650                           
   651                           
   652                           ;main.c: 5:     TRISD = 0x00;
   653     074E  0021               	movlb	1	; select bank1
   654     074F  018F               	clrf	15	;volatile
   655                           
   656                           ;main.c: 6:     PORTD = 0x00;
   657     0750  0020               	movlb	0	; select bank0
   658     0751  018F               	clrf	15	;volatile
   659     0752                     l626:
   660                           
   661                           ;main.c: 8:         _delay((unsigned long)((T)*(20000000UL/4000.0)));
   662     0752  3041               	movlw	65
   663     0753  00F1               	movwf	??_main
   664     0754  30EE               	movlw	238
   665     0755                     u547:
   666     0755  0B89               	decfsz	9,f
   667     0756  2F55               	goto	u547
   668     0757  0BF1               	decfsz	??_main,f
   669     0758  2F55               	goto	u547
   670     0759  3200               	nop2
   671     075A                     l628:
   672                           
   673                           ;main.c: 9:         PORTD = 0b00000001;
   674     075A  3001               	movlw	1
   675     075B  0020               	movlb	0	; select bank0
   676     075C  008F               	movwf	15	;volatile
   677     075D                     l630:
   678                           
   679                           ;main.c: 10:         _delay((unsigned long)((T)*(20000000UL/4000.0)));
   680     075D  3041               	movlw	65
   681     075E  00F1               	movwf	??_main
   682     075F  30EE               	movlw	238
   683     0760                     u557:
   684     0760  0B89               	decfsz	9,f
   685     0761  2F60               	goto	u557
   686     0762  0BF1               	decfsz	??_main,f
   687     0763  2F60               	goto	u557
   688     0764  3200               	nop2
   689     0765                     l632:
   690                           
   691                           ;main.c: 11:         PORTD = 0b00000010;
   692     0765  3002               	movlw	2
   693     0766  0020               	movlb	0	; select bank0
   694     0767  008F               	movwf	15	;volatile
   695     0768                     l634:
   696                           
   697                           ;main.c: 12:         _delay((unsigned long)((T)*(20000000UL/4000.0)));
   698     0768  3041               	movlw	65
   699     0769  00F1               	movwf	??_main
   700     076A  30EE               	movlw	238
   701     076B                     u567:
   702     076B  0B89               	decfsz	9,f
   703     076C  2F6B               	goto	u567
   704     076D  0BF1               	decfsz	??_main,f
   705     076E  2F6B               	goto	u567
   706     076F  3200               	nop2
   707     0770                     l636:
   708                           
   709                           ;main.c: 13:         PORTD = 0b00000100;
   710     0770  3004               	movlw	4
   711     0771  0020               	movlb	0	; select bank0
   712     0772  008F               	movwf	15	;volatile
   713     0773                     l638:
   714                           
   715                           ;main.c: 14:         _delay((unsigned long)((T)*(20000000UL/4000.0)));
   716     0773  3041               	movlw	65
   717     0774  00F1               	movwf	??_main
   718     0775  30EE               	movlw	238
   719     0776                     u577:
   720     0776  0B89               	decfsz	9,f
   721     0777  2F76               	goto	u577
   722     0778  0BF1               	decfsz	??_main,f
   723     0779  2F76               	goto	u577
   724     077A  3200               	nop2
   725     077B                     l640:
   726                           
   727                           ;main.c: 15:         PORTD = 0b00001000;
   728     077B  3008               	movlw	8
   729     077C  0020               	movlb	0	; select bank0
   730     077D  008F               	movwf	15	;volatile
   731     077E                     l642:
   732                           
   733                           ;main.c: 16:         _delay((unsigned long)((T)*(20000000UL/4000.0)));
   734     077E  3041               	movlw	65
   735     077F  00F1               	movwf	??_main
   736     0780  30EE               	movlw	238
   737     0781                     u587:
   738     0781  0B89               	decfsz	9,f
   739     0782  2F81               	goto	u587
   740     0783  0BF1               	decfsz	??_main,f
   741     0784  2F81               	goto	u587
   742     0785  3200               	nop2
   743     0786                     l644:
   744                           
   745                           ;main.c: 17:         PORTD = 0b00010000;
   746     0786  3010               	movlw	16
   747     0787  0020               	movlb	0	; select bank0
   748     0788  008F               	movwf	15	;volatile
   749     0789                     l646:
   750                           
   751                           ;main.c: 18:         _delay((unsigned long)((T)*(20000000UL/4000.0)));
   752     0789  3041               	movlw	65
   753     078A  00F1               	movwf	??_main
   754     078B  30EE               	movlw	238
   755     078C                     u597:
   756     078C  0B89               	decfsz	9,f
   757     078D  2F8C               	goto	u597
   758     078E  0BF1               	decfsz	??_main,f
   759     078F  2F8C               	goto	u597
   760     0790  3200               	nop2
   761     0791                     l648:
   762                           
   763                           ;main.c: 19:         PORTD = 0b00100000;
   764     0791  3020               	movlw	32
   765     0792  0020               	movlb	0	; select bank0
   766     0793  008F               	movwf	15	;volatile
   767     0794                     l650:
   768                           
   769                           ;main.c: 20:         _delay((unsigned long)((T)*(20000000UL/4000.0)));
   770     0794  3041               	movlw	65
   771     0795  00F1               	movwf	??_main
   772     0796  30EE               	movlw	238
   773     0797                     u607:
   774     0797  0B89               	decfsz	9,f
   775     0798  2F97               	goto	u607
   776     0799  0BF1               	decfsz	??_main,f
   777     079A  2F97               	goto	u607
   778     079B  3200               	nop2
   779     079C                     l652:
   780                           
   781                           ;main.c: 21:         PORTD = 0b01000000;
   782     079C  3040               	movlw	64
   783     079D  0020               	movlb	0	; select bank0
   784     079E  008F               	movwf	15	;volatile
   785     079F                     l654:
   786                           
   787                           ;main.c: 22:         _delay((unsigned long)((T)*(20000000UL/4000.0)));
   788     079F  3041               	movlw	65
   789     07A0  00F1               	movwf	??_main
   790     07A1  30EE               	movlw	238
   791     07A2                     u617:
   792     07A2  0B89               	decfsz	9,f
   793     07A3  2FA2               	goto	u617
   794     07A4  0BF1               	decfsz	??_main,f
   795     07A5  2FA2               	goto	u617
   796     07A6  3200               	nop2
   797     07A7                     l656:
   798                           
   799                           ;main.c: 23:         PORTD = 0b10000000;
   800     07A7  3080               	movlw	128
   801     07A8  0020               	movlb	0	; select bank0
   802     07A9  008F               	movwf	15	;volatile
   803     07AA                     l658:
   804                           
   805                           ;main.c: 24:         _delay((unsigned long)((T)*(20000000UL/4000.0)));
   806     07AA  3041               	movlw	65
   807     07AB  00F1               	movwf	??_main
   808     07AC  30EE               	movlw	238
   809     07AD                     u627:
   810     07AD  0B89               	decfsz	9,f
   811     07AE  2FAD               	goto	u627
   812     07AF  0BF1               	decfsz	??_main,f
   813     07B0  2FAD               	goto	u627
   814     07B1  3200               	nop2
   815     07B2                     l660:
   816                           
   817                           ;main.c: 25:         PORTD = 0b01000000;
   818     07B2  3040               	movlw	64
   819     07B3  0020               	movlb	0	; select bank0
   820     07B4  008F               	movwf	15	;volatile
   821     07B5                     l662:
   822                           
   823                           ;main.c: 26:         _delay((unsigned long)((T)*(20000000UL/4000.0)));
   824     07B5  3041               	movlw	65
   825     07B6  00F1               	movwf	??_main
   826     07B7  30EE               	movlw	238
   827     07B8                     u637:
   828     07B8  0B89               	decfsz	9,f
   829     07B9  2FB8               	goto	u637
   830     07BA  0BF1               	decfsz	??_main,f
   831     07BB  2FB8               	goto	u637
   832     07BC  3200               	nop2
   833     07BD                     l664:
   834                           
   835                           ;main.c: 27:         PORTD = 0b00100000;
   836     07BD  3020               	movlw	32
   837     07BE  0020               	movlb	0	; select bank0
   838     07BF  008F               	movwf	15	;volatile
   839     07C0                     l666:
   840                           
   841                           ;main.c: 28:         _delay((unsigned long)((T)*(20000000UL/4000.0)));
   842     07C0  3041               	movlw	65
   843     07C1  00F1               	movwf	??_main
   844     07C2  30EE               	movlw	238
   845     07C3                     u647:
   846     07C3  0B89               	decfsz	9,f
   847     07C4  2FC3               	goto	u647
   848     07C5  0BF1               	decfsz	??_main,f
   849     07C6  2FC3               	goto	u647
   850     07C7  3200               	nop2
   851     07C8                     l668:
   852                           
   853                           ;main.c: 29:         PORTD = 0b00010000;
   854     07C8  3010               	movlw	16
   855     07C9  0020               	movlb	0	; select bank0
   856     07CA  008F               	movwf	15	;volatile
   857     07CB                     l670:
   858                           
   859                           ;main.c: 30:         _delay((unsigned long)((T)*(20000000UL/4000.0)));
   860     07CB  3041               	movlw	65
   861     07CC  00F1               	movwf	??_main
   862     07CD  30EE               	movlw	238
   863     07CE                     u657:
   864     07CE  0B89               	decfsz	9,f
   865     07CF  2FCE               	goto	u657
   866     07D0  0BF1               	decfsz	??_main,f
   867     07D1  2FCE               	goto	u657
   868     07D2  3200               	nop2
   869     07D3                     l672:
   870                           
   871                           ;main.c: 31:         PORTD = 0b00001000;
   872     07D3  3008               	movlw	8
   873     07D4  0020               	movlb	0	; select bank0
   874     07D5  008F               	movwf	15	;volatile
   875     07D6                     l674:
   876                           
   877                           ;main.c: 32:         _delay((unsigned long)((T)*(20000000UL/4000.0)));
   878     07D6  3041               	movlw	65
   879     07D7  00F1               	movwf	??_main
   880     07D8  30EE               	movlw	238
   881     07D9                     u667:
   882     07D9  0B89               	decfsz	9,f
   883     07DA  2FD9               	goto	u667
   884     07DB  0BF1               	decfsz	??_main,f
   885     07DC  2FD9               	goto	u667
   886     07DD  3200               	nop2
   887     07DE                     l676:
   888                           
   889                           ;main.c: 33:         PORTD = 0b00000100;
   890     07DE  3004               	movlw	4
   891     07DF  0020               	movlb	0	; select bank0
   892     07E0  008F               	movwf	15	;volatile
   893     07E1                     l678:
   894                           
   895                           ;main.c: 34:         _delay((unsigned long)((T)*(20000000UL/4000.0)));
   896     07E1  3041               	movlw	65
   897     07E2  00F1               	movwf	??_main
   898     07E3  30EE               	movlw	238
   899     07E4                     u677:
   900     07E4  0B89               	decfsz	9,f
   901     07E5  2FE4               	goto	u677
   902     07E6  0BF1               	decfsz	??_main,f
   903     07E7  2FE4               	goto	u677
   904     07E8  3200               	nop2
   905     07E9                     l680:
   906                           
   907                           ;main.c: 35:         PORTD = 0b00000010;
   908     07E9  3002               	movlw	2
   909     07EA  0020               	movlb	0	; select bank0
   910     07EB  008F               	movwf	15	;volatile
   911     07EC                     l682:
   912                           
   913                           ;main.c: 36:         _delay((unsigned long)((T)*(20000000UL/4000.0)));
   914     07EC  3041               	movlw	65
   915     07ED  00F1               	movwf	??_main
   916     07EE  30EE               	movlw	238
   917     07EF                     u687:
   918     07EF  0B89               	decfsz	9,f
   919     07F0  2FEF               	goto	u687
   920     07F1  0BF1               	decfsz	??_main,f
   921     07F2  2FEF               	goto	u687
   922     07F3  3200               	nop2
   923     07F4                     l684:
   924                           
   925                           ;main.c: 37:         PORTD = 0b00000001;
   926     07F4  3001               	movlw	1
   927     07F5  0020               	movlb	0	; select bank0
   928     07F6  008F               	movwf	15	;volatile
   929     07F7                     l14:
   930     07F7  3180  2802         	ljmp	start
   931     07F9                     __end_of_main:
   932     007E                     btemp	set	126	;btemp
   933     007E                     wtemp0	set	126
   934                           
   935                           	psect	config
   936                           
   937                           ;Config register CONFIG1 @ 0x8007
   938                           ;	Oscillator Selection
   939                           ;	FOSC = HS, HS Oscillator, High-speed crystal/resonator connected between OSC1 and OSC2
      +                           pins
   940                           ;	Watchdog Timer Enable
   941                           ;	WDTE = OFF, WDT disabled
   942                           ;	Power-up Timer Enable
   943                           ;	PWRTE = OFF, PWRT disabled
   944                           ;	MCLR Pin Function Select
   945                           ;	MCLRE = ON, MCLR/VPP pin function is MCLR
   946                           ;	Flash Program Memory Code Protection
   947                           ;	CP = OFF, Program memory code protection is disabled
   948                           ;	Data Memory Code Protection
   949                           ;	CPD = OFF, Data memory code protection is disabled
   950                           ;	Brown-out Reset Enable
   951                           ;	BOREN = ON, Brown-out Reset enabled
   952                           ;	Clock Out Enable
   953                           ;	CLKOUTEN = OFF, CLKOUT function is disabled. I/O or oscillator function on the CLKOUT 
      +                          pin
   954                           ;	Internal/External Switchover
   955                           ;	IESO = ON, Internal/External Switchover mode is enabled
   956                           ;	Fail-Safe Clock Monitor Enable
   957                           ;	FCMEN = ON, Fail-Safe Clock Monitor is enabled
   958     8007                     	org	32775
   959     8007  3FE2               	dw	16354
   960                           
   961                           ;Config register CONFIG2 @ 0x8008
   962                           ;	Flash Memory Self-Write Protection
   963                           ;	WRT = OFF, Write protection off
   964                           ;	Voltage Regulator Capacitor Enable
   965                           ;	VCAPEN = OFF, All VCAP pin functionality is disabled
   966                           ;	PLL Enable
   967                           ;	PLLEN = OFF, 4x PLL disabled
   968                           ;	Stack Overflow/Underflow Reset Enable
   969                           ;	STVREN = ON, Stack Overflow or Underflow will cause a Reset
   970                           ;	Brown-out Reset Voltage Selection
   971                           ;	BORV = LO, Brown-out Reset Voltage (Vbor), low trip point selected.
   972                           ;	Low-Voltage Programming Enable
   973                           ;	LVP = ON, Low-voltage programming enabled
   974     8008                     	org	32776
   975     8008  3EFF               	dw	16127

Data Sizes:
    Strings     0
    Constant    0
    Data        1
    BSS         0
    Persistent  32
    Stack       0

Auto Spaces:
    Space          Size  Autos    Used
    COMMON           14      1       2
    BANK0            80      0       0
    BANK1            80      0       0
    BANK2            80      0       0
    BANK3            80      0       0
    BANK4            80      0       0
    BANK5            80      0       0
    BANK6            80      0       0
    BANK7            80      0       0
    BANK8            80      0       0
    BANK9            80      0       0
    BANK10           80      0       0
    BANK11           80      0       0
    BANK12           48      0       0

Pointer List with Targets:

    None.

Critical Paths under _main in COMMON

    None.

Critical Paths under _main in BANK0

    None.

Critical Paths under _main in BANK1

    None.

Critical Paths under _main in BANK2

    None.

Critical Paths under _main in BANK3

    None.

Critical Paths under _main in BANK4

    None.

Critical Paths under _main in BANK5

    None.

Critical Paths under _main in BANK6

    None.

Critical Paths under _main in BANK7

    None.

Critical Paths under _main in BANK8

    None.

Critical Paths under _main in BANK9

    None.

Critical Paths under _main in BANK10

    None.

Critical Paths under _main in BANK11

    None.

Critical Paths under _main in BANK12

    None.

Call Graph Tables:

 ---------------------------------------------------------------------------------
 (Depth) Function   	        Calls       Base Space   Used Autos Params    Refs
 ---------------------------------------------------------------------------------
 (0) _main                                                 1     1      0       0
                                              0 COMMON     1     1      0
 ---------------------------------------------------------------------------------
 Estimated maximum stack depth 0
 ---------------------------------------------------------------------------------

 Call Graph Graphs:

 _main (ROOT)

 Address spaces:
Name               Size   Autos  Total    Cost      Usage
BIGRAM             3F0      0       0       0        0.0%
EEDATA             100      0       0       0        0.0%
NULL                 0      0       0       0        0.0%
CODE                 0      0       0       0        0.0%
BITCOMMON            E      0       0       1        0.0%
BITSFR0              0      0       0       1        0.0%
SFR0                 0      0       0       1        0.0%
COMMON               E      1       2       2       14.3%
BITSFR1              0      0       0       2        0.0%
SFR1                 0      0       0       2        0.0%
BITSFR2              0      0       0       3        0.0%
SFR2                 0      0       0       3        0.0%
STACK                0      0       0       3        0.0%
BITBANK0            50      0       0       4        0.0%
BITSFR3              0      0       0       4        0.0%
SFR3                 0      0       0       4        0.0%
BANK0               50      0       0       5        0.0%
BITSFR4              0      0       0       5        0.0%
SFR4                 0      0       0       5        0.0%
BITBANK1            50      0       0       6        0.0%
BITSFR5              0      0       0       6        0.0%
SFR5                 0      0       0       6        0.0%
BANK1               50      0       0       7        0.0%
BITSFR6              0      0       0       7        0.0%
SFR6                 0      0       0       7        0.0%
BITBANK2            50      0       0       8        0.0%
BITSFR7              0      0       0       8        0.0%
SFR7                 0      0       0       8        0.0%
BANK2               50      0       0       9        0.0%
BITSFR8              0      0       0       9        0.0%
SFR8                 0      0       0       9        0.0%
BITBANK3            50      0       0      10        0.0%
BITSFR9              0      0       0      10        0.0%
SFR9                 0      0       0      10        0.0%
BANK3               50      0       0      11        0.0%
BITSFR10             0      0       0      11        0.0%
SFR10                0      0       0      11        0.0%
BITBANK4            50      0       0      12        0.0%
BITSFR11             0      0       0      12        0.0%
SFR11                0      0       0      12        0.0%
BANK4               50      0       0      13        0.0%
BITSFR12             0      0       0      13        0.0%
SFR12                0      0       0      13        0.0%
BITBANK5            50      0       0      14        0.0%
BITSFR13             0      0       0      14        0.0%
SFR13                0      0       0      14        0.0%
BANK5               50      0       0      15        0.0%
BITSFR14             0      0       0      15        0.0%
SFR14                0      0       0      15        0.0%
BITBANK6            50      0       0      16        0.0%
BITSFR15             0      0       0      16        0.0%
SFR15                0      0       0      16        0.0%
BANK6               50      0       0      17        0.0%
BITSFR16             0      0       0      17        0.0%
SFR16                0      0       0      17        0.0%
BITBANK7            50      0       0      18        0.0%
BITSFR17             0      0       0      18        0.0%
SFR17                0      0       0      18        0.0%
BANK7               50      0       0      19        0.0%
BITSFR18             0      0       0      19        0.0%
SFR18                0      0       0      19        0.0%
BITSFR19             0      0       0      20        0.0%
SFR19                0      0       0      20        0.0%
ABS                  0      0       2      20        0.0%
BITBANK8            50      0       0      21        0.0%
BITSFR20             0      0       0      21        0.0%
SFR20                0      0       0      21        0.0%
BANK8               50      0       0      22        0.0%
BITSFR21             0      0       0      22        0.0%
SFR21                0      0       0      22        0.0%
BITBANK9            50      0       0      23        0.0%
BITSFR22             0      0       0      23        0.0%
SFR22                0      0       0      23        0.0%
BANK9               50      0       0      24        0.0%
BITSFR23             0      0       0      24        0.0%
SFR23                0      0       0      24        0.0%
BITBANK10           50      0       0      25        0.0%
BITSFR24             0      0       0      25        0.0%
SFR24                0      0       0      25        0.0%
BANK10              50      0       0      26        0.0%
BITSFR25             0      0       0      26        0.0%
SFR25                0      0       0      26        0.0%
BITBANK11           50      0       0      27        0.0%
BITSFR26             0      0       0      27        0.0%
SFR26                0      0       0      27        0.0%
BANK11              50      0       0      28        0.0%
BITSFR27             0      0       0      28        0.0%
SFR27                0      0       0      28        0.0%
BITBANK12           30      0       0      29        0.0%
BITSFR28             0      0       0      29        0.0%
SFR28                0      0       0      29        0.0%
BANK12              30      0       0      30        0.0%
BITSFR29             0      0       0      30        0.0%
SFR29                0      0       0      30        0.0%
BITSFR30             0      0       0      31        0.0%
SFR30                0      0       0      31        0.0%
DATA                 0      0       2      31        0.0%
BITSFR31             0      0       0      32        0.0%
SFR31                0      0       0      32        0.0%


Microchip Technology PIC Macro Assembler V2.41 build 20230208172133 
Symbol Table                                                                                   Fri Aug 18 20:22:22 2023

                      _T 0070                       l14 07F7                      l630 075D  
                    l640 077B                      l632 0765                      l624 074E  
                    l650 0794                      l642 077E                      l634 0768  
                    l626 0752                      l660 07B2                      l652 079C  
                    l644 0786                      l636 0770                      l628 075A  
                    l670 07CB                      l662 07B5                      l654 079F  
                    l646 0789                      l638 0773                      l680 07E9  
                    l672 07D3                      l664 07BD                      l656 07A7  
                    l648 0791                      l682 07EC                      l674 07D6  
                    l666 07C0                      l658 07AA                      l684 07F4  
                    l676 07DE                      l668 07C8                      l678 07E1  
                    u607 0797                      u617 07A2                      u627 07AD  
                    u547 0755                      u637 07B8                      u557 0760  
                    u647 07C3                      u567 076B                      u657 07CE  
                    u577 0776                      u667 07D9                      u587 0781  
                    u677 07E4                      u597 078C                      u687 07EF  
                    wreg 0009                     _main 074E                     btemp 007E  
                   start 0002                    ?_main 0071                    _PORTD 000F  
                  _TRISD 008F                    wtemp0 007E          __initialization 07F9  
           __end_of_main 07F9                   ??_main 0071             __pdataCOMMON 0070  
__end_of__initialization 07FD           __pcstackCOMMON 0071               __pmaintext 074E  
   end_of_initialization 07FD            __pidataCOMMON 074D      start_initialization 07F9  
              ___latbits 0003  
