

Microchip MPLAB XC8 Assembler V2.41 build 20230208172133 
                                                                                               Sat Aug 26 19:42:56 2023

Microchip MPLAB XC8 C Compiler v2.41 (Free license) build 20230208172133 Og1 
     1                           	processor	16F1939
     2                           	pagewidth 120
     3                           	opt	flic
     4                           	psect	idataCOMMON,global,class=CODE,delta=2,noexec
     5                           	psect	idataBANK0,global,class=CODE,delta=2,noexec
     6                           	psect	cinit,global,class=CODE,merge=1,delta=2
     7                           	psect	bssCOMMON,global,class=COMMON,space=1,delta=1,noexec
     8                           	psect	dataCOMMON,global,class=COMMON,space=1,delta=1,noexec
     9                           	psect	dataBANK0,global,class=BANK0,space=1,delta=1,noexec
    10                           	psect	inittext,global,class=CODE,delta=2
    11                           	psect	cstackCOMMON,global,class=COMMON,space=1,delta=1,noexec
    12                           	psect	maintext,global,class=CODE,merge=1,split=1,delta=2
    13                           	psect	config,global,abs,ovrld,class=CONFIG,space=4,delta=2,noexec
    14                           	dabs	1,0x7E,2
    15     0000                     
    16                           ; Generated 06/07/2023 GMT
    17                           ; 
    18                           ; Copyright © 2023, Microchip Technology Inc. and its subsidiaries ("Microchip")
    19                           ; All rights reserved.
    20                           ; 
    21                           ; This software is developed by Microchip Technology Inc. and its subsidiaries ("Microch
      +                          ip").
    22                           ; 
    23                           ; Redistribution and use in source and binary forms, with or without modification, are
    24                           ; permitted provided that the following conditions are met:
    25                           ; 
    26                           ;     1. Redistributions of source code must retain the above copyright notice, this lis
      +                          t of
    27                           ;        conditions and the following disclaimer.
    28                           ; 
    29                           ;     2. Redistributions in binary form must reproduce the above copyright notice, this 
      +                          list
    30                           ;        of conditions and the following disclaimer in the documentation and/or other
    31                           ;        materials provided with the distribution. Publication is not required when
    32                           ;        this file is used in an embedded application.
    33                           ; 
    34                           ;     3. Microchip's name may not be used to endorse or promote products derived from th
      +                          is
    35                           ;        software without specific prior written permission.
    36                           ; 
    37                           ; THIS SOFTWARE IS PROVIDED BY MICROCHIP "AS IS" AND ANY EXPRESS OR IMPLIED WARRANTIES,
    38                           ; INCLUDING, BUT NOT LIMITED TO, THE IMPLIED WARRANTIES OF MERCHANTABILITY AND FITNESS F
      +                          OR
    39                           ; PURPOSE ARE DISCLAIMED.  IN NO EVENT SHALL MICROCHIP BE LIABLE FOR ANY DIRECT, INDIREC
      +                          T,
    40                           ; INCIDENTAL, SPECIAL, EXEMPLARY, OR CONSEQUENTIAL DAMAGES (INCLUDING BUT NOT LIMITED TO
    41                           ; PROCUREMENT OF SUBSTITUTE GOODS OR SERVICES; LOSS OF USE, DATA OR PROFITS; OR BUSINESS
    42                           ; INTERRUPTION) HOWSOEVER CAUSED AND ON ANY THEORY OF LIABILITY, WHETHER IN CONTRACT, ST
      +                          RICT
    43                           ; LIABILITY, OR TORT (INCLUDING NEGLIGENCE OR OTHERWISE) ARISING IN ANY WAY OUT OF THE U
      +                          SE OF
    44                           ; THIS SOFTWARE, EVEN IF ADVISED OF THE POSSIBILITY OF SUCH DAMAGE.
    45                           ; 
    46                           ; 
    47                           ; Code-generator required, PIC16F1939 Definitions
    48                           ; 
    49                           ; SFR Addresses
    50     0000                     	;# 
    51     0001                     	;# 
    52     0002                     	;# 
    53     0003                     	;# 
    54     0004                     	;# 
    55     0005                     	;# 
    56     0006                     	;# 
    57     0007                     	;# 
    58     0008                     	;# 
    59     0009                     	;# 
    60     000A                     	;# 
    61     000B                     	;# 
    62     000C                     	;# 
    63     000D                     	;# 
    64     000E                     	;# 
    65     000F                     	;# 
    66     0010                     	;# 
    67     0011                     	;# 
    68     0012                     	;# 
    69     0013                     	;# 
    70     0015                     	;# 
    71     0016                     	;# 
    72     0016                     	;# 
    73     0017                     	;# 
    74     0018                     	;# 
    75     0019                     	;# 
    76     001A                     	;# 
    77     001B                     	;# 
    78     001C                     	;# 
    79     001E                     	;# 
    80     001F                     	;# 
    81     008C                     	;# 
    82     008D                     	;# 
    83     008E                     	;# 
    84     008F                     	;# 
    85     0090                     	;# 
    86     0091                     	;# 
    87     0092                     	;# 
    88     0093                     	;# 
    89     0095                     	;# 
    90     0096                     	;# 
    91     0097                     	;# 
    92     0098                     	;# 
    93     0099                     	;# 
    94     009A                     	;# 
    95     009B                     	;# 
    96     009B                     	;# 
    97     009C                     	;# 
    98     009D                     	;# 
    99     009E                     	;# 
   100     010C                     	;# 
   101     010D                     	;# 
   102     010E                     	;# 
   103     010F                     	;# 
   104     0110                     	;# 
   105     0111                     	;# 
   106     0112                     	;# 
   107     0113                     	;# 
   108     0114                     	;# 
   109     0115                     	;# 
   110     0116                     	;# 
   111     0117                     	;# 
   112     0118                     	;# 
   113     0119                     	;# 
   114     011A                     	;# 
   115     011B                     	;# 
   116     011D                     	;# 
   117     018C                     	;# 
   118     018D                     	;# 
   119     018F                     	;# 
   120     0190                     	;# 
   121     0191                     	;# 
   122     0191                     	;# 
   123     0192                     	;# 
   124     0193                     	;# 
   125     0193                     	;# 
   126     0193                     	;# 
   127     0194                     	;# 
   128     0195                     	;# 
   129     0196                     	;# 
   130     0199                     	;# 
   131     019A                     	;# 
   132     019B                     	;# 
   133     019B                     	;# 
   134     019B                     	;# 
   135     019B                     	;# 
   136     019C                     	;# 
   137     019C                     	;# 
   138     019D                     	;# 
   139     019E                     	;# 
   140     019F                     	;# 
   141     020D                     	;# 
   142     0210                     	;# 
   143     0211                     	;# 
   144     0212                     	;# 
   145     0213                     	;# 
   146     0214                     	;# 
   147     0215                     	;# 
   148     0215                     	;# 
   149     0216                     	;# 
   150     0217                     	;# 
   151     0291                     	;# 
   152     0291                     	;# 
   153     0292                     	;# 
   154     0293                     	;# 
   155     0294                     	;# 
   156     0295                     	;# 
   157     0295                     	;# 
   158     0296                     	;# 
   159     0298                     	;# 
   160     0298                     	;# 
   161     0299                     	;# 
   162     029A                     	;# 
   163     029B                     	;# 
   164     029C                     	;# 
   165     029C                     	;# 
   166     029D                     	;# 
   167     029E                     	;# 
   168     029F                     	;# 
   169     0311                     	;# 
   170     0311                     	;# 
   171     0312                     	;# 
   172     0313                     	;# 
   173     0314                     	;# 
   174     0315                     	;# 
   175     0315                     	;# 
   176     0316                     	;# 
   177     0318                     	;# 
   178     0318                     	;# 
   179     0319                     	;# 
   180     031A                     	;# 
   181     031C                     	;# 
   182     031C                     	;# 
   183     031D                     	;# 
   184     031E                     	;# 
   185     0394                     	;# 
   186     0395                     	;# 
   187     0396                     	;# 
   188     0415                     	;# 
   189     0416                     	;# 
   190     0417                     	;# 
   191     041C                     	;# 
   192     041D                     	;# 
   193     041E                     	;# 
   194     0791                     	;# 
   195     0792                     	;# 
   196     0793                     	;# 
   197     0794                     	;# 
   198     0795                     	;# 
   199     0798                     	;# 
   200     0799                     	;# 
   201     079A                     	;# 
   202     07A0                     	;# 
   203     07A1                     	;# 
   204     07A2                     	;# 
   205     07A3                     	;# 
   206     07A4                     	;# 
   207     07A5                     	;# 
   208     07A6                     	;# 
   209     07A7                     	;# 
   210     07A8                     	;# 
   211     07A9                     	;# 
   212     07AA                     	;# 
   213     07AB                     	;# 
   214     0FE4                     	;# 
   215     0FE5                     	;# 
   216     0FE6                     	;# 
   217     0FE7                     	;# 
   218     0FE8                     	;# 
   219     0FE9                     	;# 
   220     0FEA                     	;# 
   221     0FEB                     	;# 
   222     0FED                     	;# 
   223     0FEE                     	;# 
   224     0FEF                     	;# 
   225     0000                     	;# 
   226     0001                     	;# 
   227     0002                     	;# 
   228     0003                     	;# 
   229     0004                     	;# 
   230     0005                     	;# 
   231     0006                     	;# 
   232     0007                     	;# 
   233     0008                     	;# 
   234     0009                     	;# 
   235     000A                     	;# 
   236     000B                     	;# 
   237     000C                     	;# 
   238     000D                     	;# 
   239     000E                     	;# 
   240     000F                     	;# 
   241     0010                     	;# 
   242     0011                     	;# 
   243     0012                     	;# 
   244     0013                     	;# 
   245     0015                     	;# 
   246     0016                     	;# 
   247     0016                     	;# 
   248     0017                     	;# 
   249     0018                     	;# 
   250     0019                     	;# 
   251     001A                     	;# 
   252     001B                     	;# 
   253     001C                     	;# 
   254     001E                     	;# 
   255     001F                     	;# 
   256     008C                     	;# 
   257     008D                     	;# 
   258     008E                     	;# 
   259     008F                     	;# 
   260     0090                     	;# 
   261     0091                     	;# 
   262     0092                     	;# 
   263     0093                     	;# 
   264     0095                     	;# 
   265     0096                     	;# 
   266     0097                     	;# 
   267     0098                     	;# 
   268     0099                     	;# 
   269     009A                     	;# 
   270     009B                     	;# 
   271     009B                     	;# 
   272     009C                     	;# 
   273     009D                     	;# 
   274     009E                     	;# 
   275     010C                     	;# 
   276     010D                     	;# 
   277     010E                     	;# 
   278     010F                     	;# 
   279     0110                     	;# 
   280     0111                     	;# 
   281     0112                     	;# 
   282     0113                     	;# 
   283     0114                     	;# 
   284     0115                     	;# 
   285     0116                     	;# 
   286     0117                     	;# 
   287     0118                     	;# 
   288     0119                     	;# 
   289     011A                     	;# 
   290     011B                     	;# 
   291     011D                     	;# 
   292     018C                     	;# 
   293     018D                     	;# 
   294     018F                     	;# 
   295     0190                     	;# 
   296     0191                     	;# 
   297     0191                     	;# 
   298     0192                     	;# 
   299     0193                     	;# 
   300     0193                     	;# 
   301     0193                     	;# 
   302     0194                     	;# 
   303     0195                     	;# 
   304     0196                     	;# 
   305     0199                     	;# 
   306     019A                     	;# 
   307     019B                     	;# 
   308     019B                     	;# 
   309     019B                     	;# 
   310     019B                     	;# 
   311     019C                     	;# 
   312     019C                     	;# 
   313     019D                     	;# 
   314     019E                     	;# 
   315     019F                     	;# 
   316     020D                     	;# 
   317     0210                     	;# 
   318     0211                     	;# 
   319     0212                     	;# 
   320     0213                     	;# 
   321     0214                     	;# 
   322     0215                     	;# 
   323     0215                     	;# 
   324     0216                     	;# 
   325     0217                     	;# 
   326     0291                     	;# 
   327     0291                     	;# 
   328     0292                     	;# 
   329     0293                     	;# 
   330     0294                     	;# 
   331     0295                     	;# 
   332     0295                     	;# 
   333     0296                     	;# 
   334     0298                     	;# 
   335     0298                     	;# 
   336     0299                     	;# 
   337     029A                     	;# 
   338     029B                     	;# 
   339     029C                     	;# 
   340     029C                     	;# 
   341     029D                     	;# 
   342     029E                     	;# 
   343     029F                     	;# 
   344     0311                     	;# 
   345     0311                     	;# 
   346     0312                     	;# 
   347     0313                     	;# 
   348     0314                     	;# 
   349     0315                     	;# 
   350     0315                     	;# 
   351     0316                     	;# 
   352     0318                     	;# 
   353     0318                     	;# 
   354     0319                     	;# 
   355     031A                     	;# 
   356     031C                     	;# 
   357     031C                     	;# 
   358     031D                     	;# 
   359     031E                     	;# 
   360     0394                     	;# 
   361     0395                     	;# 
   362     0396                     	;# 
   363     0415                     	;# 
   364     0416                     	;# 
   365     0417                     	;# 
   366     041C                     	;# 
   367     041D                     	;# 
   368     041E                     	;# 
   369     0791                     	;# 
   370     0792                     	;# 
   371     0793                     	;# 
   372     0794                     	;# 
   373     0795                     	;# 
   374     0798                     	;# 
   375     0799                     	;# 
   376     079A                     	;# 
   377     07A0                     	;# 
   378     07A1                     	;# 
   379     07A2                     	;# 
   380     07A3                     	;# 
   381     07A4                     	;# 
   382     07A5                     	;# 
   383     07A6                     	;# 
   384     07A7                     	;# 
   385     07A8                     	;# 
   386     07A9                     	;# 
   387     07AA                     	;# 
   388     07AB                     	;# 
   389     0FE4                     	;# 
   390     0FE5                     	;# 
   391     0FE6                     	;# 
   392     0FE7                     	;# 
   393     0FE8                     	;# 
   394     0FE9                     	;# 
   395     0FEA                     	;# 
   396     0FEB                     	;# 
   397     0FED                     	;# 
   398     0FEE                     	;# 
   399     0FEF                     	;# 
   400     0000                     	;# 
   401     0001                     	;# 
   402     0002                     	;# 
   403     0003                     	;# 
   404     0004                     	;# 
   405     0005                     	;# 
   406     0006                     	;# 
   407     0007                     	;# 
   408     0008                     	;# 
   409     0009                     	;# 
   410     000A                     	;# 
   411     000B                     	;# 
   412     000C                     	;# 
   413     000D                     	;# 
   414     000E                     	;# 
   415     000F                     	;# 
   416     0010                     	;# 
   417     0011                     	;# 
   418     0012                     	;# 
   419     0013                     	;# 
   420     0015                     	;# 
   421     0016                     	;# 
   422     0016                     	;# 
   423     0017                     	;# 
   424     0018                     	;# 
   425     0019                     	;# 
   426     001A                     	;# 
   427     001B                     	;# 
   428     001C                     	;# 
   429     001E                     	;# 
   430     001F                     	;# 
   431     008C                     	;# 
   432     008D                     	;# 
   433     008E                     	;# 
   434     008F                     	;# 
   435     0090                     	;# 
   436     0091                     	;# 
   437     0092                     	;# 
   438     0093                     	;# 
   439     0095                     	;# 
   440     0096                     	;# 
   441     0097                     	;# 
   442     0098                     	;# 
   443     0099                     	;# 
   444     009A                     	;# 
   445     009B                     	;# 
   446     009B                     	;# 
   447     009C                     	;# 
   448     009D                     	;# 
   449     009E                     	;# 
   450     010C                     	;# 
   451     010D                     	;# 
   452     010E                     	;# 
   453     010F                     	;# 
   454     0110                     	;# 
   455     0111                     	;# 
   456     0112                     	;# 
   457     0113                     	;# 
   458     0114                     	;# 
   459     0115                     	;# 
   460     0116                     	;# 
   461     0117                     	;# 
   462     0118                     	;# 
   463     0119                     	;# 
   464     011A                     	;# 
   465     011B                     	;# 
   466     011D                     	;# 
   467     018C                     	;# 
   468     018D                     	;# 
   469     018F                     	;# 
   470     0190                     	;# 
   471     0191                     	;# 
   472     0191                     	;# 
   473     0192                     	;# 
   474     0193                     	;# 
   475     0193                     	;# 
   476     0193                     	;# 
   477     0194                     	;# 
   478     0195                     	;# 
   479     0196                     	;# 
   480     0199                     	;# 
   481     019A                     	;# 
   482     019B                     	;# 
   483     019B                     	;# 
   484     019B                     	;# 
   485     019B                     	;# 
   486     019C                     	;# 
   487     019C                     	;# 
   488     019D                     	;# 
   489     019E                     	;# 
   490     019F                     	;# 
   491     020D                     	;# 
   492     0210                     	;# 
   493     0211                     	;# 
   494     0212                     	;# 
   495     0213                     	;# 
   496     0214                     	;# 
   497     0215                     	;# 
   498     0215                     	;# 
   499     0216                     	;# 
   500     0217                     	;# 
   501     0291                     	;# 
   502     0291                     	;# 
   503     0292                     	;# 
   504     0293                     	;# 
   505     0294                     	;# 
   506     0295                     	;# 
   507     0295                     	;# 
   508     0296                     	;# 
   509     0298                     	;# 
   510     0298                     	;# 
   511     0299                     	;# 
   512     029A                     	;# 
   513     029B                     	;# 
   514     029C                     	;# 
   515     029C                     	;# 
   516     029D                     	;# 
   517     029E                     	;# 
   518     029F                     	;# 
   519     0311                     	;# 
   520     0311                     	;# 
   521     0312                     	;# 
   522     0313                     	;# 
   523     0314                     	;# 
   524     0315                     	;# 
   525     0315                     	;# 
   526     0316                     	;# 
   527     0318                     	;# 
   528     0318                     	;# 
   529     0319                     	;# 
   530     031A                     	;# 
   531     031C                     	;# 
   532     031C                     	;# 
   533     031D                     	;# 
   534     031E                     	;# 
   535     0394                     	;# 
   536     0395                     	;# 
   537     0396                     	;# 
   538     0415                     	;# 
   539     0416                     	;# 
   540     0417                     	;# 
   541     041C                     	;# 
   542     041D                     	;# 
   543     041E                     	;# 
   544     0791                     	;# 
   545     0792                     	;# 
   546     0793                     	;# 
   547     0794                     	;# 
   548     0795                     	;# 
   549     0798                     	;# 
   550     0799                     	;# 
   551     079A                     	;# 
   552     07A0                     	;# 
   553     07A1                     	;# 
   554     07A2                     	;# 
   555     07A3                     	;# 
   556     07A4                     	;# 
   557     07A5                     	;# 
   558     07A6                     	;# 
   559     07A7                     	;# 
   560     07A8                     	;# 
   561     07A9                     	;# 
   562     07AA                     	;# 
   563     07AB                     	;# 
   564     0FE4                     	;# 
   565     0FE5                     	;# 
   566     0FE6                     	;# 
   567     0FE7                     	;# 
   568     0FE8                     	;# 
   569     0FE9                     	;# 
   570     0FEA                     	;# 
   571     0FEB                     	;# 
   572     0FED                     	;# 
   573     0FEE                     	;# 
   574     0FEF                     	;# 
   575     0000                     	;# 
   576     0001                     	;# 
   577     0002                     	;# 
   578     0003                     	;# 
   579     0004                     	;# 
   580     0005                     	;# 
   581     0006                     	;# 
   582     0007                     	;# 
   583     0008                     	;# 
   584     0009                     	;# 
   585     000A                     	;# 
   586     000B                     	;# 
   587     000C                     	;# 
   588     000D                     	;# 
   589     000E                     	;# 
   590     000F                     	;# 
   591     0010                     	;# 
   592     0011                     	;# 
   593     0012                     	;# 
   594     0013                     	;# 
   595     0015                     	;# 
   596     0016                     	;# 
   597     0016                     	;# 
   598     0017                     	;# 
   599     0018                     	;# 
   600     0019                     	;# 
   601     001A                     	;# 
   602     001B                     	;# 
   603     001C                     	;# 
   604     001E                     	;# 
   605     001F                     	;# 
   606     008C                     	;# 
   607     008D                     	;# 
   608     008E                     	;# 
   609     008F                     	;# 
   610     0090                     	;# 
   611     0091                     	;# 
   612     0092                     	;# 
   613     0093                     	;# 
   614     0095                     	;# 
   615     0096                     	;# 
   616     0097                     	;# 
   617     0098                     	;# 
   618     0099                     	;# 
   619     009A                     	;# 
   620     009B                     	;# 
   621     009B                     	;# 
   622     009C                     	;# 
   623     009D                     	;# 
   624     009E                     	;# 
   625     010C                     	;# 
   626     010D                     	;# 
   627     010E                     	;# 
   628     010F                     	;# 
   629     0110                     	;# 
   630     0111                     	;# 
   631     0112                     	;# 
   632     0113                     	;# 
   633     0114                     	;# 
   634     0115                     	;# 
   635     0116                     	;# 
   636     0117                     	;# 
   637     0118                     	;# 
   638     0119                     	;# 
   639     011A                     	;# 
   640     011B                     	;# 
   641     011D                     	;# 
   642     018C                     	;# 
   643     018D                     	;# 
   644     018F                     	;# 
   645     0190                     	;# 
   646     0191                     	;# 
   647     0191                     	;# 
   648     0192                     	;# 
   649     0193                     	;# 
   650     0193                     	;# 
   651     0193                     	;# 
   652     0194                     	;# 
   653     0195                     	;# 
   654     0196                     	;# 
   655     0199                     	;# 
   656     019A                     	;# 
   657     019B                     	;# 
   658     019B                     	;# 
   659     019B                     	;# 
   660     019B                     	;# 
   661     019C                     	;# 
   662     019C                     	;# 
   663     019D                     	;# 
   664     019E                     	;# 
   665     019F                     	;# 
   666     020D                     	;# 
   667     0210                     	;# 
   668     0211                     	;# 
   669     0212                     	;# 
   670     0213                     	;# 
   671     0214                     	;# 
   672     0215                     	;# 
   673     0215                     	;# 
   674     0216                     	;# 
   675     0217                     	;# 
   676     0291                     	;# 
   677     0291                     	;# 
   678     0292                     	;# 
   679     0293                     	;# 
   680     0294                     	;# 
   681     0295                     	;# 
   682     0295                     	;# 
   683     0296                     	;# 
   684     0298                     	;# 
   685     0298                     	;# 
   686     0299                     	;# 
   687     029A                     	;# 
   688     029B                     	;# 
   689     029C                     	;# 
   690     029C                     	;# 
   691     029D                     	;# 
   692     029E                     	;# 
   693     029F                     	;# 
   694     0311                     	;# 
   695     0311                     	;# 
   696     0312                     	;# 
   697     0313                     	;# 
   698     0314                     	;# 
   699     0315                     	;# 
   700     0315                     	;# 
   701     0316                     	;# 
   702     0318                     	;# 
   703     0318                     	;# 
   704     0319                     	;# 
   705     031A                     	;# 
   706     031C                     	;# 
   707     031C                     	;# 
   708     031D                     	;# 
   709     031E                     	;# 
   710     0394                     	;# 
   711     0395                     	;# 
   712     0396                     	;# 
   713     0415                     	;# 
   714     0416                     	;# 
   715     0417                     	;# 
   716     041C                     	;# 
   717     041D                     	;# 
   718     041E                     	;# 
   719     0791                     	;# 
   720     0792                     	;# 
   721     0793                     	;# 
   722     0794                     	;# 
   723     0795                     	;# 
   724     0798                     	;# 
   725     0799                     	;# 
   726     079A                     	;# 
   727     07A0                     	;# 
   728     07A1                     	;# 
   729     07A2                     	;# 
   730     07A3                     	;# 
   731     07A4                     	;# 
   732     07A5                     	;# 
   733     07A6                     	;# 
   734     07A7                     	;# 
   735     07A8                     	;# 
   736     07A9                     	;# 
   737     07AA                     	;# 
   738     07AB                     	;# 
   739     0FE4                     	;# 
   740     0FE5                     	;# 
   741     0FE6                     	;# 
   742     0FE7                     	;# 
   743     0FE8                     	;# 
   744     0FE9                     	;# 
   745     0FEA                     	;# 
   746     0FEB                     	;# 
   747     0FED                     	;# 
   748     0FEE                     	;# 
   749     0FEF                     	;# 
   750                           
   751                           	psect	idataCOMMON
   752     0621                     __pidataCOMMON:
   753                           
   754                           ;initializer for _T
   755     0621  3403               	retlw	3
   756     0622  3400               	retlw	0
   757                           
   758                           	psect	idataBANK0
   759     0629                     __pidataBANK0:
   760                           
   761                           ;initializer for _decoAC
   762     0629  3440               	retlw	64
   763     062A  3479               	retlw	121
   764     062B  3424               	retlw	36
   765     062C  3430               	retlw	48
   766     062D  3419               	retlw	25
   767     062E  3412               	retlw	18
   768     062F  3402               	retlw	2
   769     0630  3478               	retlw	120
   770     0631  3400               	retlw	0
   771     0632  3418               	retlw	24
   772                           
   773                           ;initializer for _decoCC
   774     0633  34BF               	retlw	191
   775     0634  3486               	retlw	134
   776     0635  34DB               	retlw	219
   777     0636  34CF               	retlw	207
   778     0637  34E6               	retlw	230
   779     0638  34ED               	retlw	237
   780     0639  34FD               	retlw	253
   781     063A  3487               	retlw	135
   782     063B  34FF               	retlw	255
   783     063C  34E7               	retlw	231
   784     000C                     _PORTAbits	set	12
   785     008D                     _TRISBbits	set	141
   786     008C                     _TRISAbits	set	140
   787     008D                     _TRISB	set	141
   788     010D                     _LATBbits	set	269
   789     010D                     _LATB	set	269
   790     010C                     _LATAbits	set	268
   791     018C                     _ANSELAbits	set	396
   792     018D                     _ANSELB	set	397
   793                           
   794                           	psect	cinit
   795     07E2                     start_initialization:	
   796                           ; #config settings
   797                           
   798     07E2                     __initialization:
   799                           
   800                           ; Initialize objects allocated to COMMON
   801     07E2  3186  2621  3187   	fcall	__pidataCOMMON	;fetch initializer
   802     07E5  00F7               	movwf	__pdataCOMMON& (0+127)
   803     07E6  3186  2622  3187   	fcall	__pidataCOMMON+1	;fetch initializer
   804     07E9  00F8               	movwf	(__pdataCOMMON+1)& (0+127)
   805                           
   806                           ; Initialize objects allocated to BANK0
   807     07EA  3029               	movlw	low __pidataBANK0
   808     07EB  0084               	movwf	4
   809     07EC  3086               	movlw	(high __pidataBANK0)| (0+128)
   810     07ED  0085               	movwf	5
   811     07EE  3020               	movlw	low __pdataBANK0
   812     07EF  0086               	movwf	6
   813     07F0  3000               	movlw	high __pdataBANK0
   814     07F1  0087               	movwf	7
   815     07F2  3014               	movlw	20
   816     07F3  3186  2623  3187   	fcall	init_ram
   817                           
   818                           ; Clear objects allocated to COMMON
   819     07F6  01F0               	clrf	__pbssCOMMON& (0+127)
   820     07F7  01F1               	clrf	(__pbssCOMMON+1)& (0+127)
   821     07F8  01F2               	clrf	(__pbssCOMMON+2)& (0+127)
   822     07F9  01F3               	clrf	(__pbssCOMMON+3)& (0+127)
   823     07FA  01F4               	clrf	(__pbssCOMMON+4)& (0+127)
   824     07FB  01F5               	clrf	(__pbssCOMMON+5)& (0+127)
   825     07FC  01F6               	clrf	(__pbssCOMMON+6)& (0+127)
   826     07FD                     end_of_initialization:	
   827                           ;End of C runtime variable initialization code
   828                           
   829     07FD                     __end_of__initialization:
   830     07FD  0020               	movlb	0
   831     07FE  3186  2E3D         	ljmp	_main	;jump to C main() function
   832                           
   833                           	psect	bssCOMMON
   834     0070                     __pbssCOMMON:
   835     0070                     _A:
   836     0070                     	ds	2
   837     0072                     _D:
   838     0072                     	ds	2
   839     0074                     _U:
   840     0074                     	ds	2
   841     0076                     _contador:
   842     0076                     	ds	1
   843                           
   844                           	psect	dataCOMMON
   845     0077                     __pdataCOMMON:
   846     0077                     _T:
   847     0077                     	ds	2
   848                           
   849                           	psect	dataBANK0
   850     0020                     __pdataBANK0:
   851     0020                     _decoAC:
   852     0020                     	ds	10
   853     002A                     _decoCC:
   854     002A                     	ds	10
   855                           
   856                           	psect	inittext
   857     0623                     init_ram:
   858     0623  00FE               	movwf	btemp
   859     0624                     initloop:
   860     0624  0012               	moviw fsr0++
   861     0625  001E               	movwi fsr1++
   862     0626  0BFE               	decfsz	btemp,f
   863     0627  2E24               	goto	initloop
   864     0628  3400               	retlw	0
   865                           
   866                           	psect	cstackCOMMON
   867     0079                     __pcstackCOMMON:
   868     0079                     ?_main:
   869     0079                     ??_main:	
   870                           ; 1 bytes @ 0x0
   871                           
   872                           
   873                           ; 1 bytes @ 0x0
   874     0079                     	ds	1
   875                           
   876                           	psect	maintext
   877     063D                     __pmaintext:	
   878 ;;
   879 ;;Main: autosize = 0, tempsize = 1, incstack = 0, save=0
   880 ;;
   881 ;; *************** function _main *****************
   882 ;; Defined at:
   883 ;;		line 10 in file "main.c"
   884 ;; Parameters:    Size  Location     Type
   885 ;;		None
   886 ;; Auto vars:     Size  Location     Type
   887 ;;		None
   888 ;; Return value:  Size  Location     Type
   889 ;;                  1    wreg      void 
   890 ;; Registers used:
   891 ;;		wreg, fsr1l, fsr1h, status,2, status,0
   892 ;; Tracked objects:
   893 ;;		On entry : B1F/0
   894 ;;		On exit  : 0/0
   895 ;;		Unchanged: 0/0
   896 ;; Data sizes:     COMMON   BANK0   BANK1   BANK2   BANK3   BANK4   BANK5   BANK6   BANK7   BANK8   BANK9  BANK10  BANK1
      +1  BANK12
   897 ;;      Params:         0       0       0       0       0       0       0       0       0       0       0       0       
      +0       0
   898 ;;      Locals:         0       0       0       0       0       0       0       0       0       0       0       0       
      +0       0
   899 ;;      Temps:          1       0       0       0       0       0       0       0       0       0       0       0       
      +0       0
   900 ;;      Totals:         1       0       0       0       0       0       0       0       0       0       0       0       
      +0       0
   901 ;;Total ram usage:        1 bytes
   902 ;; This function calls:
   903 ;;		Nothing
   904 ;; This function is called by:
   905 ;;		Startup code after reset
   906 ;; This function uses a non-reentrant model
   907 ;;
   908                           
   909     063D                     _main:	
   910                           ;psect for function _main
   911                           
   912     063D                     l1128:	
   913                           ;incstack = 0
   914                           ; Regs used in _main: [wreg+fsr1l+fsr1h+status,2+status,0]
   915                           
   916                           
   917                           ;main.c: 11:     TRISB= 0x00;
   918     063D  0021               	movlb	1	; select bank1
   919     063E  018D               	clrf	13	;volatile
   920                           
   921                           ;main.c: 12:     ANSELB =0x00;
   922     063F  0023               	movlb	3	; select bank3
   923     0640  018D               	clrf	13	;volatile
   924     0641                     l1130:
   925                           
   926                           ;main.c: 13:     TRISAbits.TRISA0=0;
   927     0641  0021               	movlb	1	; select bank1
   928     0642  100C               	bcf	12,0	;volatile
   929     0643                     l1132:
   930                           
   931                           ;main.c: 14:     ANSELAbits.ANSA0=0;
   932     0643  0023               	movlb	3	; select bank3
   933     0644  100C               	bcf	12,0	;volatile
   934     0645                     l1134:
   935                           
   936                           ;main.c: 15:     TRISAbits.TRISA1=0;
   937     0645  0021               	movlb	1	; select bank1
   938     0646  108C               	bcf	12,1	;volatile
   939     0647                     l1136:
   940                           
   941                           ;main.c: 16:     ANSELAbits.ANSA1=0;
   942     0647  0023               	movlb	3	; select bank3
   943     0648  108C               	bcf	12,1	;volatile
   944     0649                     l1138:
   945                           
   946                           ;main.c: 17:     TRISAbits.TRISA2=1;
   947     0649  0021               	movlb	1	; select bank1
   948     064A  150C               	bsf	12,2	;volatile
   949     064B                     l1140:
   950                           
   951                           ;main.c: 18:     ANSELAbits.ANSA2=0;
   952     064B  0023               	movlb	3	; select bank3
   953     064C  110C               	bcf	12,2	;volatile
   954     064D                     l1142:
   955                           
   956                           ;main.c: 19:     TRISAbits.TRISA3=1;
   957     064D  0021               	movlb	1	; select bank1
   958     064E  158C               	bsf	12,3	;volatile
   959     064F                     l1144:
   960                           
   961                           ;main.c: 20:     ANSELAbits.ANSA3=0;
   962     064F  0023               	movlb	3	; select bank3
   963     0650  118C               	bcf	12,3	;volatile
   964     0651                     l1146:
   965                           
   966                           ;main.c: 26:         if(PORTAbits.RA2 == 1 && PORTAbits.RA3 == 0){
   967     0651  0020               	movlb	0	; select bank0
   968     0652  1D0C               	btfss	12,2	;volatile
   969     0653  2E55               	goto	u731
   970     0654  2E56               	goto	u730
   971     0655                     u731:
   972     0655  2E98               	goto	l1180
   973     0656                     u730:
   974     0656                     l1148:
   975     0656  198C               	btfsc	12,3	;volatile
   976     0657  2E59               	goto	u741
   977     0658  2E5A               	goto	u740
   978     0659                     u741:
   979     0659  2E98               	goto	l1180
   980     065A                     u740:
   981     065A                     l1150:
   982                           
   983                           ;main.c: 27:             A=0;
   984     065A  01F0               	clrf	_A
   985     065B  01F1               	clrf	_A+1
   986     065C                     l1152:
   987                           
   988                           ;main.c: 28:             LATAbits.LATA1 = 0;
   989     065C  0022               	movlb	2	; select bank2
   990     065D  108C               	bcf	12,1	;volatile
   991     065E                     l1154:
   992                           
   993                           ;main.c: 29:             LATAbits.LATA0 = 1;
   994     065E  140C               	bsf	12,0	;volatile
   995     065F                     l1156:
   996                           
   997                           ;main.c: 30:             LATB = decoCC[D];
   998     065F  0872               	movf	_D,w
   999     0660  3E2A               	addlw	(low (_decoCC| 0))& (0+255)
  1000     0661  0086               	movwf	6
  1001     0662  0187               	clrf	7
  1002     0663  0801               	movf	1,w
  1003     0664  008D               	movwf	13	;volatile
  1004     0665                     l1158:
  1005                           
  1006                           ;main.c: 31:             _delay((unsigned long)((T)*(20000000UL/4000.0)));
  1007     0665  3014               	movlw	20
  1008     0666  00F9               	movwf	??_main
  1009     0667  307A               	movlw	122
  1010     0668                     u1457:
  1011     0668  0B89               	decfsz	9,f
  1012     0669  2E68               	goto	u1457
  1013     066A  0BF9               	decfsz	??_main,f
  1014     066B  2E68               	goto	u1457
  1015     066C                     l1160:
  1016                           
  1017                           ;main.c: 32:             LATAbits.LATA1 = 1;
  1018     066C  0022               	movlb	2	; select bank2
  1019     066D  148C               	bsf	12,1	;volatile
  1020     066E                     l1162:
  1021                           
  1022                           ;main.c: 33:             LATAbits.LATA0 = 0;
  1023     066E  100C               	bcf	12,0	;volatile
  1024     066F                     l1164:
  1025                           
  1026                           ;main.c: 34:             LATB = decoCC[U];
  1027     066F  0874               	movf	_U,w
  1028     0670  3E2A               	addlw	(low (_decoCC| 0))& (0+255)
  1029     0671  0086               	movwf	6
  1030     0672  0187               	clrf	7
  1031     0673  0801               	movf	1,w
  1032     0674  008D               	movwf	13	;volatile
  1033     0675                     l1166:
  1034                           
  1035                           ;main.c: 35:             _delay((unsigned long)((T)*(20000000UL/4000.0)));
  1036     0675  3014               	movlw	20
  1037     0676  00F9               	movwf	??_main
  1038     0677  307A               	movlw	122
  1039     0678                     u1467:
  1040     0678  0B89               	decfsz	9,f
  1041     0679  2E78               	goto	u1467
  1042     067A  0BF9               	decfsz	??_main,f
  1043     067B  2E78               	goto	u1467
  1044     067C                     l1168:
  1045                           
  1046                           ;main.c: 36:             U++;
  1047     067C  3001               	movlw	1
  1048     067D  07F4               	addwf	_U,f
  1049     067E  3000               	movlw	0
  1050     067F  3DF5               	addwfc	_U+1,f
  1051     0680                     l1170:
  1052                           
  1053                           ;main.c: 37:             if(U==9){
  1054     0680  3009               	movlw	9
  1055     0681  0674               	xorwf	_U,w
  1056     0682  0475               	iorwf	_U+1,w
  1057     0683  1D03               	btfss	3,2
  1058     0684  2E86               	goto	u751
  1059     0685  2E87               	goto	u750
  1060     0686                     u751:
  1061     0686  2E8D               	goto	l1176
  1062     0687                     u750:
  1063     0687                     l1172:
  1064                           
  1065                           ;main.c: 38:                 D++;
  1066     0687  3001               	movlw	1
  1067     0688  07F2               	addwf	_D,f
  1068     0689  3000               	movlw	0
  1069     068A  3DF3               	addwfc	_D+1,f
  1070     068B                     l1174:
  1071                           
  1072                           ;main.c: 39:                 U=0;
  1073     068B  01F4               	clrf	_U
  1074     068C  01F5               	clrf	_U+1
  1075     068D                     l1176:
  1076                           
  1077                           ;main.c: 41:             if(D==10){
  1078     068D  300A               	movlw	10
  1079     068E  0672               	xorwf	_D,w
  1080     068F  0473               	iorwf	_D+1,w
  1081     0690  1D03               	btfss	3,2
  1082     0691  2E93               	goto	u761
  1083     0692  2E94               	goto	u760
  1084     0693                     u761:
  1085     0693  2E98               	goto	l1180
  1086     0694                     u760:
  1087     0694                     l1178:
  1088                           
  1089                           ;main.c: 42:                 D=0;
  1090     0694  01F2               	clrf	_D
  1091     0695  01F3               	clrf	_D+1
  1092                           
  1093                           ;main.c: 43:                 U=0;
  1094     0696  01F4               	clrf	_U
  1095     0697  01F5               	clrf	_U+1
  1096     0698                     l1180:
  1097                           
  1098                           ;main.c: 46:         if(PORTAbits.RA2 == 0 && PORTAbits.RA3 == 1){
  1099     0698  0020               	movlb	0	; select bank0
  1100     0699  190C               	btfsc	12,2	;volatile
  1101     069A  2E9C               	goto	u771
  1102     069B  2E9D               	goto	u770
  1103     069C                     u771:
  1104     069C  2EE5               	goto	l1210
  1105     069D                     u770:
  1106     069D                     l1182:
  1107     069D  1D8C               	btfss	12,3	;volatile
  1108     069E  2EA0               	goto	u781
  1109     069F  2EA1               	goto	u780
  1110     06A0                     u781:
  1111     06A0  2EE5               	goto	l1210
  1112     06A1                     u780:
  1113     06A1                     l1184:
  1114                           
  1115                           ;main.c: 47:             A=1;
  1116     06A1  3001               	movlw	1
  1117     06A2  00F0               	movwf	_A
  1118     06A3  3000               	movlw	0
  1119     06A4  00F1               	movwf	_A+1
  1120     06A5                     l1186:
  1121                           
  1122                           ;main.c: 48:             LATAbits.LATA1 = 0;
  1123     06A5  0022               	movlb	2	; select bank2
  1124     06A6  108C               	bcf	12,1	;volatile
  1125     06A7                     l1188:
  1126                           
  1127                           ;main.c: 49:             LATAbits.LATA0 = 1;
  1128     06A7  140C               	bsf	12,0	;volatile
  1129     06A8                     l1190:
  1130                           
  1131                           ;main.c: 50:             LATB = decoCC[D];
  1132     06A8  0872               	movf	_D,w
  1133     06A9  3E2A               	addlw	(low (_decoCC| 0))& (0+255)
  1134     06AA  0086               	movwf	6
  1135     06AB  0187               	clrf	7
  1136     06AC  0801               	movf	1,w
  1137     06AD  008D               	movwf	13	;volatile
  1138     06AE                     l1192:
  1139                           
  1140                           ;main.c: 51:             _delay((unsigned long)((T)*(20000000UL/4000.0)));
  1141     06AE  3014               	movlw	20
  1142     06AF  00F9               	movwf	??_main
  1143     06B0  307A               	movlw	122
  1144     06B1                     u1477:
  1145     06B1  0B89               	decfsz	9,f
  1146     06B2  2EB1               	goto	u1477
  1147     06B3  0BF9               	decfsz	??_main,f
  1148     06B4  2EB1               	goto	u1477
  1149     06B5                     l1194:
  1150                           
  1151                           ;main.c: 52:             LATAbits.LATA1 = 1;
  1152     06B5  0022               	movlb	2	; select bank2
  1153     06B6  148C               	bsf	12,1	;volatile
  1154     06B7                     l1196:
  1155                           
  1156                           ;main.c: 53:             LATAbits.LATA0 = 0;
  1157     06B7  100C               	bcf	12,0	;volatile
  1158                           
  1159                           ;main.c: 54:             LATB = decoCC[U];
  1160     06B8  0874               	movf	_U,w
  1161     06B9  3E2A               	addlw	(low (_decoCC| 0))& (0+255)
  1162     06BA  0086               	movwf	6
  1163     06BB  0187               	clrf	7
  1164     06BC  0801               	movf	1,w
  1165     06BD  008D               	movwf	13	;volatile
  1166     06BE                     l1198:
  1167                           
  1168                           ;main.c: 55:             _delay((unsigned long)((T)*(20000000UL/4000.0)));
  1169     06BE  3014               	movlw	20
  1170     06BF  00F9               	movwf	??_main
  1171     06C0  307A               	movlw	122
  1172     06C1                     u1487:
  1173     06C1  0B89               	decfsz	9,f
  1174     06C2  2EC1               	goto	u1487
  1175     06C3  0BF9               	decfsz	??_main,f
  1176     06C4  2EC1               	goto	u1487
  1177     06C5                     l1200:
  1178                           
  1179                           ;main.c: 56:             U--;
  1180     06C5  30FF               	movlw	255
  1181     06C6  07F4               	addwf	_U,f
  1182     06C7  30FF               	movlw	255
  1183     06C8  3DF5               	addwfc	_U+1,f
  1184     06C9                     l1202:
  1185                           
  1186                           ;main.c: 57:             if(U==0){
  1187     06C9  0874               	movf	_U,w
  1188     06CA  0475               	iorwf	_U+1,w
  1189     06CB  1D03               	btfss	3,2
  1190     06CC  2ECE               	goto	u791
  1191     06CD  2ECF               	goto	u790
  1192     06CE                     u791:
  1193     06CE  2ED7               	goto	l1206
  1194     06CF                     u790:
  1195     06CF                     l1204:
  1196                           
  1197                           ;main.c: 58:                 D--;
  1198     06CF  30FF               	movlw	255
  1199     06D0  07F2               	addwf	_D,f
  1200     06D1  30FF               	movlw	255
  1201     06D2  3DF3               	addwfc	_D+1,f
  1202                           
  1203                           ;main.c: 59:                 U=9;
  1204     06D3  3009               	movlw	9
  1205     06D4  00F4               	movwf	_U
  1206     06D5  3000               	movlw	0
  1207     06D6  00F5               	movwf	_U+1
  1208     06D7                     l1206:
  1209                           
  1210                           ;main.c: 61:             if(D==0){
  1211     06D7  0872               	movf	_D,w
  1212     06D8  0473               	iorwf	_D+1,w
  1213     06D9  1D03               	btfss	3,2
  1214     06DA  2EDC               	goto	u801
  1215     06DB  2EDD               	goto	u800
  1216     06DC                     u801:
  1217     06DC  2EE5               	goto	l1210
  1218     06DD                     u800:
  1219     06DD                     l1208:
  1220                           
  1221                           ;main.c: 62:                 D=9;
  1222     06DD  3009               	movlw	9
  1223     06DE  00F2               	movwf	_D
  1224     06DF  3000               	movlw	0
  1225     06E0  00F3               	movwf	_D+1
  1226                           
  1227                           ;main.c: 63:                 U=9;
  1228     06E1  3009               	movlw	9
  1229     06E2  00F4               	movwf	_U
  1230     06E3  3000               	movlw	0
  1231     06E4  00F5               	movwf	_U+1
  1232     06E5                     l1210:
  1233                           
  1234                           ;main.c: 66:         if(PORTAbits.RA2 == 1 && PORTAbits.RA3 == 1){
  1235     06E5  0020               	movlb	0	; select bank0
  1236     06E6  1D0C               	btfss	12,2	;volatile
  1237     06E7  2EE9               	goto	u811
  1238     06E8  2EEA               	goto	u810
  1239     06E9                     u811:
  1240     06E9  2F12               	goto	l1230
  1241     06EA                     u810:
  1242     06EA                     l1212:
  1243     06EA  1D8C               	btfss	12,3	;volatile
  1244     06EB  2EED               	goto	u821
  1245     06EC  2EEE               	goto	u820
  1246     06ED                     u821:
  1247     06ED  2F12               	goto	l1230
  1248     06EE                     u820:
  1249     06EE                     l1214:
  1250                           
  1251                           ;main.c: 67:             A=2;
  1252     06EE  3002               	movlw	2
  1253     06EF  00F0               	movwf	_A
  1254     06F0  3000               	movlw	0
  1255     06F1  00F1               	movwf	_A+1
  1256     06F2                     l1216:
  1257                           
  1258                           ;main.c: 68:                 LATAbits.LATA1 = 0;
  1259     06F2  0022               	movlb	2	; select bank2
  1260     06F3  108C               	bcf	12,1	;volatile
  1261     06F4                     l1218:
  1262                           
  1263                           ;main.c: 69:                 LATAbits.LATA0 = 1;
  1264     06F4  140C               	bsf	12,0	;volatile
  1265     06F5                     l1220:
  1266                           
  1267                           ;main.c: 70:                 LATB = decoCC[D];
  1268     06F5  0872               	movf	_D,w
  1269     06F6  3E2A               	addlw	(low (_decoCC| 0))& (0+255)
  1270     06F7  0086               	movwf	6
  1271     06F8  0187               	clrf	7
  1272     06F9  0801               	movf	1,w
  1273     06FA  008D               	movwf	13	;volatile
  1274     06FB                     l1222:
  1275                           
  1276                           ;main.c: 71:                 _delay((unsigned long)((T)*(20000000UL/4000.0)));
  1277     06FB  3014               	movlw	20
  1278     06FC  00F9               	movwf	??_main
  1279     06FD  307A               	movlw	122
  1280     06FE                     u1497:
  1281     06FE  0B89               	decfsz	9,f
  1282     06FF  2EFE               	goto	u1497
  1283     0700  0BF9               	decfsz	??_main,f
  1284     0701  2EFE               	goto	u1497
  1285     0702                     l1224:
  1286                           
  1287                           ;main.c: 72:                 LATAbits.LATA1 = 1;
  1288     0702  0022               	movlb	2	; select bank2
  1289     0703  148C               	bsf	12,1	;volatile
  1290     0704                     l1226:
  1291                           
  1292                           ;main.c: 73:                 LATAbits.LATA0 = 0;
  1293     0704  100C               	bcf	12,0	;volatile
  1294                           
  1295                           ;main.c: 74:                 LATB = decoCC[U];
  1296     0705  0874               	movf	_U,w
  1297     0706  3E2A               	addlw	(low (_decoCC| 0))& (0+255)
  1298     0707  0086               	movwf	6
  1299     0708  0187               	clrf	7
  1300     0709  0801               	movf	1,w
  1301     070A  008D               	movwf	13	;volatile
  1302     070B                     l1228:
  1303                           
  1304                           ;main.c: 75:                 _delay((unsigned long)((T)*(20000000UL/4000.0)));
  1305     070B  3014               	movlw	20
  1306     070C  00F9               	movwf	??_main
  1307     070D  307A               	movlw	122
  1308     070E                     u1507:
  1309     070E  0B89               	decfsz	9,f
  1310     070F  2F0E               	goto	u1507
  1311     0710  0BF9               	decfsz	??_main,f
  1312     0711  2F0E               	goto	u1507
  1313     0712                     l1230:
  1314                           
  1315                           ;main.c: 77:         if(PORTAbits.RA2 == 0 && PORTAbits.RA3 == 0){
  1316     0712  0020               	movlb	0	; select bank0
  1317     0713  190C               	btfsc	12,2	;volatile
  1318     0714  2F16               	goto	u831
  1319     0715  2F17               	goto	u830
  1320     0716                     u831:
  1321     0716  2E51               	goto	l1146
  1322     0717                     u830:
  1323     0717                     l1232:
  1324     0717  198C               	btfsc	12,3	;volatile
  1325     0718  2F1A               	goto	u841
  1326     0719  2F1B               	goto	u840
  1327     071A                     u841:
  1328     071A  2E51               	goto	l1146
  1329     071B                     u840:
  1330     071B                     l1234:
  1331                           
  1332                           ;main.c: 78:             if(A==0){
  1333     071B  0870               	movf	_A,w
  1334     071C  0471               	iorwf	_A+1,w
  1335     071D  1D03               	btfss	3,2
  1336     071E  2F20               	goto	u851
  1337     071F  2F21               	goto	u850
  1338     0720                     u851:
  1339     0720  2F6B               	goto	l1260
  1340     0721                     u850:
  1341     0721                     l1236:
  1342                           
  1343                           ;main.c: 79:                 LATAbits.LATA1 = 0;
  1344     0721  0022               	movlb	2	; select bank2
  1345     0722  108C               	bcf	12,1	;volatile
  1346                           
  1347                           ;main.c: 80:                 LATAbits.LATA0 = 1;
  1348     0723  140C               	bsf	12,0	;volatile
  1349     0724                     l1238:
  1350                           
  1351                           ;main.c: 81:                 LATB = decoCC[D];
  1352     0724  0872               	movf	_D,w
  1353     0725  3E2A               	addlw	(low (_decoCC| 0))& (0+255)
  1354     0726  0086               	movwf	6
  1355     0727  0187               	clrf	7
  1356     0728  0801               	movf	1,w
  1357     0729  008D               	movwf	13	;volatile
  1358     072A                     l1240:
  1359                           
  1360                           ;main.c: 82:                 _delay((unsigned long)((T)*(20000000UL/4000.0)));
  1361     072A  3014               	movlw	20
  1362     072B  00F9               	movwf	??_main
  1363     072C  307A               	movlw	122
  1364     072D                     u1517:
  1365     072D  0B89               	decfsz	9,f
  1366     072E  2F2D               	goto	u1517
  1367     072F  0BF9               	decfsz	??_main,f
  1368     0730  2F2D               	goto	u1517
  1369     0731                     l1242:
  1370                           
  1371                           ;main.c: 83:                 LATAbits.LATA1 = 1;
  1372     0731  0022               	movlb	2	; select bank2
  1373     0732  148C               	bsf	12,1	;volatile
  1374     0733                     l1244:
  1375                           
  1376                           ;main.c: 84:                 LATAbits.LATA0 = 0;
  1377     0733  100C               	bcf	12,0	;volatile
  1378     0734                     l1246:
  1379                           
  1380                           ;main.c: 85:                 LATB = decoCC[U];
  1381     0734  0874               	movf	_U,w
  1382     0735  3E2A               	addlw	(low (_decoCC| 0))& (0+255)
  1383     0736  0086               	movwf	6
  1384     0737  0187               	clrf	7
  1385     0738  0801               	movf	1,w
  1386     0739  008D               	movwf	13	;volatile
  1387                           
  1388                           ;main.c: 86:                 _delay((unsigned long)((T)*(20000000UL/4000.0)));
  1389     073A  3014               	movlw	20
  1390     073B  00F9               	movwf	??_main
  1391     073C  307A               	movlw	122
  1392     073D                     u1527:
  1393     073D  0B89               	decfsz	9,f
  1394     073E  2F3D               	goto	u1527
  1395     073F  0BF9               	decfsz	??_main,f
  1396     0740  2F3D               	goto	u1527
  1397     0741                     l1248:
  1398                           
  1399                           ;main.c: 87:                 U=U+2;
  1400     0741  0874               	movf	_U,w
  1401     0742  3E02               	addlw	2
  1402     0743  00F4               	movwf	_U
  1403     0744  3000               	movlw	0
  1404     0745  3D75               	addwfc	_U+1,w
  1405     0746  00F5               	movwf	_U+1
  1406     0747                     l1250:
  1407                           
  1408                           ;main.c: 88:                 if(U>9){
  1409     0747  0875               	movf	_U+1,w
  1410     0748  3A80               	xorlw	128
  1411     0749  00F9               	movwf	??_main
  1412     074A  3080               	movlw	128
  1413     074B  0279               	subwf	??_main,w
  1414     074C  1D03               	skipz
  1415     074D  2F50               	goto	u865
  1416     074E  300A               	movlw	10
  1417     074F  0274               	subwf	_U,w
  1418     0750                     u865:
  1419     0750  1C03               	skipc
  1420     0751  2F53               	goto	u861
  1421     0752  2F54               	goto	u860
  1422     0753                     u861:
  1423     0753  2F5A               	goto	l1256
  1424     0754                     u860:
  1425     0754                     l1252:
  1426                           
  1427                           ;main.c: 89:                     D++;
  1428     0754  3001               	movlw	1
  1429     0755  07F2               	addwf	_D,f
  1430     0756  3000               	movlw	0
  1431     0757  3DF3               	addwfc	_D+1,f
  1432     0758                     l1254:
  1433                           
  1434                           ;main.c: 90:                     U=0;
  1435     0758  01F4               	clrf	_U
  1436     0759  01F5               	clrf	_U+1
  1437     075A                     l1256:
  1438                           
  1439                           ;main.c: 92:                 if(D>9){
  1440     075A  0873               	movf	_D+1,w
  1441     075B  3A80               	xorlw	128
  1442     075C  00F9               	movwf	??_main
  1443     075D  3080               	movlw	128
  1444     075E  0279               	subwf	??_main,w
  1445     075F  1D03               	skipz
  1446     0760  2F63               	goto	u875
  1447     0761  300A               	movlw	10
  1448     0762  0272               	subwf	_D,w
  1449     0763                     u875:
  1450     0763  1C03               	skipc
  1451     0764  2F66               	goto	u871
  1452     0765  2F67               	goto	u870
  1453     0766                     u871:
  1454     0766  2F6B               	goto	l1260
  1455     0767                     u870:
  1456     0767                     l1258:
  1457                           
  1458                           ;main.c: 93:                     D=0;
  1459     0767  01F2               	clrf	_D
  1460     0768  01F3               	clrf	_D+1
  1461                           
  1462                           ;main.c: 94:                     U=0;
  1463     0769  01F4               	clrf	_U
  1464     076A  01F5               	clrf	_U+1
  1465     076B                     l1260:
  1466                           
  1467                           ;main.c: 97:             if(A==1){
  1468     076B  0370               	decf	_A,w
  1469     076C  0471               	iorwf	_A+1,w
  1470     076D  1D03               	btfss	3,2
  1471     076E  2F70               	goto	u881
  1472     076F  2F71               	goto	u880
  1473     0770                     u881:
  1474     0770  2FB8               	goto	l1284
  1475     0771                     u880:
  1476     0771                     l1262:
  1477                           
  1478                           ;main.c: 98:                 LATAbits.LATA1 = 0;
  1479     0771  0022               	movlb	2	; select bank2
  1480     0772  108C               	bcf	12,1	;volatile
  1481                           
  1482                           ;main.c: 99:                 LATAbits.LATA0 = 1;
  1483     0773  140C               	bsf	12,0	;volatile
  1484     0774                     l1264:
  1485                           
  1486                           ;main.c: 100:                 LATB = decoCC[D];
  1487     0774  0872               	movf	_D,w
  1488     0775  3E2A               	addlw	(low (_decoCC| 0))& (0+255)
  1489     0776  0086               	movwf	6
  1490     0777  0187               	clrf	7
  1491     0778  0801               	movf	1,w
  1492     0779  008D               	movwf	13	;volatile
  1493     077A                     l1266:
  1494                           
  1495                           ;main.c: 101:                 _delay((unsigned long)((T)*(20000000UL/4000.0)));
  1496     077A  3014               	movlw	20
  1497     077B  00F9               	movwf	??_main
  1498     077C  307A               	movlw	122
  1499     077D                     u1537:
  1500     077D  0B89               	decfsz	9,f
  1501     077E  2F7D               	goto	u1537
  1502     077F  0BF9               	decfsz	??_main,f
  1503     0780  2F7D               	goto	u1537
  1504     0781                     l1268:
  1505                           
  1506                           ;main.c: 102:                 LATAbits.LATA1 = 1;
  1507     0781  0022               	movlb	2	; select bank2
  1508     0782  148C               	bsf	12,1	;volatile
  1509     0783                     l1270:
  1510                           
  1511                           ;main.c: 103:                 LATAbits.LATA0 = 0;
  1512     0783  100C               	bcf	12,0	;volatile
  1513     0784                     l1272:
  1514                           
  1515                           ;main.c: 104:                 LATB = decoCC[U];
  1516     0784  0874               	movf	_U,w
  1517     0785  3E2A               	addlw	(low (_decoCC| 0))& (0+255)
  1518     0786  0086               	movwf	6
  1519     0787  0187               	clrf	7
  1520     0788  0801               	movf	1,w
  1521     0789  008D               	movwf	13	;volatile
  1522                           
  1523                           ;main.c: 105:                 _delay((unsigned long)((T)*(20000000UL/4000.0)));
  1524     078A  3014               	movlw	20
  1525     078B  00F9               	movwf	??_main
  1526     078C  307A               	movlw	122
  1527     078D                     u1547:
  1528     078D  0B89               	decfsz	9,f
  1529     078E  2F8D               	goto	u1547
  1530     078F  0BF9               	decfsz	??_main,f
  1531     0790  2F8D               	goto	u1547
  1532     0791                     l1274:
  1533                           
  1534                           ;main.c: 106:                 U=U-2;
  1535     0791  0874               	movf	_U,w
  1536     0792  3EFE               	addlw	254
  1537     0793  00F4               	movwf	_U
  1538     0794  30FF               	movlw	255
  1539     0795  3D75               	addwfc	_U+1,w
  1540     0796  00F5               	movwf	_U+1
  1541     0797                     l1276:
  1542                           
  1543                           ;main.c: 107:                 if(U<=0){
  1544     0797  0875               	movf	_U+1,w
  1545     0798  3A80               	xorlw	128
  1546     0799  00F9               	movwf	??_main
  1547     079A  3080               	movlw	128
  1548     079B  0279               	subwf	??_main,w
  1549     079C  1D03               	skipz
  1550     079D  2FA0               	goto	u895
  1551     079E  3001               	movlw	1
  1552     079F  0274               	subwf	_U,w
  1553     07A0                     u895:
  1554     07A0  1803               	skipnc
  1555     07A1  2FA3               	goto	u891
  1556     07A2  2FA4               	goto	u890
  1557     07A3                     u891:
  1558     07A3  2FAC               	goto	l1280
  1559     07A4                     u890:
  1560     07A4                     l1278:
  1561                           
  1562                           ;main.c: 108:                     D--;
  1563     07A4  30FF               	movlw	255
  1564     07A5  07F2               	addwf	_D,f
  1565     07A6  30FF               	movlw	255
  1566     07A7  3DF3               	addwfc	_D+1,f
  1567                           
  1568                           ;main.c: 109:                     U=9;
  1569     07A8  3009               	movlw	9
  1570     07A9  00F4               	movwf	_U
  1571     07AA  3000               	movlw	0
  1572     07AB  00F5               	movwf	_U+1
  1573     07AC                     l1280:
  1574                           
  1575                           ;main.c: 111:                 if(D<0){
  1576     07AC  1FF3               	btfss	_D+1,7
  1577     07AD  2FAF               	goto	u901
  1578     07AE  2FB0               	goto	u900
  1579     07AF                     u901:
  1580     07AF  2FB8               	goto	l1284
  1581     07B0                     u900:
  1582     07B0                     l1282:
  1583                           
  1584                           ;main.c: 112:                     D=9;
  1585     07B0  3009               	movlw	9
  1586     07B1  00F2               	movwf	_D
  1587     07B2  3000               	movlw	0
  1588     07B3  00F3               	movwf	_D+1
  1589                           
  1590                           ;main.c: 113:                     U=9;
  1591     07B4  3009               	movlw	9
  1592     07B5  00F4               	movwf	_U
  1593     07B6  3000               	movlw	0
  1594     07B7  00F5               	movwf	_U+1
  1595     07B8                     l1284:
  1596                           
  1597                           ;main.c: 116:             if(A==2){
  1598     07B8  3002               	movlw	2
  1599     07B9  0670               	xorwf	_A,w
  1600     07BA  0471               	iorwf	_A+1,w
  1601     07BB  1D03               	btfss	3,2
  1602     07BC  2FBE               	goto	u911
  1603     07BD  2FBF               	goto	u910
  1604     07BE                     u911:
  1605     07BE  2E51               	goto	l1146
  1606     07BF                     u910:
  1607     07BF                     l1286:
  1608                           
  1609                           ;main.c: 117:                 LATAbits.LATA1 = 0;
  1610     07BF  0022               	movlb	2	; select bank2
  1611     07C0  108C               	bcf	12,1	;volatile
  1612                           
  1613                           ;main.c: 118:                 LATAbits.LATA0 = 1;
  1614     07C1  140C               	bsf	12,0	;volatile
  1615     07C2                     l1288:
  1616                           
  1617                           ;main.c: 119:                 LATB = decoCC[D];
  1618     07C2  0872               	movf	_D,w
  1619     07C3  3E2A               	addlw	(low (_decoCC| 0))& (0+255)
  1620     07C4  0086               	movwf	6
  1621     07C5  0187               	clrf	7
  1622     07C6  0801               	movf	1,w
  1623     07C7  008D               	movwf	13	;volatile
  1624     07C8                     l1290:
  1625                           
  1626                           ;main.c: 120:                 _delay((unsigned long)((T)*(20000000UL/4000.0)));
  1627     07C8  3014               	movlw	20
  1628     07C9  00F9               	movwf	??_main
  1629     07CA  307A               	movlw	122
  1630     07CB                     u1557:
  1631     07CB  0B89               	decfsz	9,f
  1632     07CC  2FCB               	goto	u1557
  1633     07CD  0BF9               	decfsz	??_main,f
  1634     07CE  2FCB               	goto	u1557
  1635     07CF                     l1292:
  1636                           
  1637                           ;main.c: 121:                 LATAbits.LATA1 = 1;
  1638     07CF  0022               	movlb	2	; select bank2
  1639     07D0  148C               	bsf	12,1	;volatile
  1640     07D1                     l1294:
  1641                           
  1642                           ;main.c: 122:                 LATAbits.LATA0 = 0;
  1643     07D1  100C               	bcf	12,0	;volatile
  1644     07D2                     l1296:
  1645                           
  1646                           ;main.c: 123:                 LATB = decoCC[U];
  1647     07D2  0874               	movf	_U,w
  1648     07D3  3E2A               	addlw	(low (_decoCC| 0))& (0+255)
  1649     07D4  0086               	movwf	6
  1650     07D5  0187               	clrf	7
  1651     07D6  0801               	movf	1,w
  1652     07D7  008D               	movwf	13	;volatile
  1653                           
  1654                           ;main.c: 124:                 _delay((unsigned long)((T)*(20000000UL/4000.0)));
  1655     07D8  3014               	movlw	20
  1656     07D9  00F9               	movwf	??_main
  1657     07DA  307A               	movlw	122
  1658     07DB                     u1567:
  1659     07DB  0B89               	decfsz	9,f
  1660     07DC  2FDB               	goto	u1567
  1661     07DD  0BF9               	decfsz	??_main,f
  1662     07DE  2FDB               	goto	u1567
  1663     07DF  2E51               	goto	l1146
  1664     07E0  3180  2802         	ljmp	start
  1665     07E2                     __end_of_main:
  1666     007E                     btemp	set	126	;btemp
  1667     007E                     wtemp0	set	126
  1668                           
  1669                           	psect	config
  1670                           
  1671                           ;Config register CONFIG1 @ 0x8007
  1672                           ;	Oscillator Selection
  1673                           ;	FOSC = HS, HS Oscillator, High-speed crystal/resonator connected between OSC1 and OSC2
      +                           pins
  1674                           ;	Watchdog Timer Enable
  1675                           ;	WDTE = OFF, WDT disabled
  1676                           ;	Power-up Timer Enable
  1677                           ;	PWRTE = OFF, PWRT disabled
  1678                           ;	MCLR Pin Function Select
  1679                           ;	MCLRE = ON, MCLR/VPP pin function is MCLR
  1680                           ;	Flash Program Memory Code Protection
  1681                           ;	CP = OFF, Program memory code protection is disabled
  1682                           ;	Data Memory Code Protection
  1683                           ;	CPD = OFF, Data memory code protection is disabled
  1684                           ;	Brown-out Reset Enable
  1685                           ;	BOREN = ON, Brown-out Reset enabled
  1686                           ;	Clock Out Enable
  1687                           ;	CLKOUTEN = OFF, CLKOUT function is disabled. I/O or oscillator function on the CLKOUT 
      +                          pin
  1688                           ;	Internal/External Switchover
  1689                           ;	IESO = ON, Internal/External Switchover mode is enabled
  1690                           ;	Fail-Safe Clock Monitor Enable
  1691                           ;	FCMEN = ON, Fail-Safe Clock Monitor is enabled
  1692     8007                     	org	32775
  1693     8007  3FE2               	dw	16354
  1694                           
  1695                           ;Config register CONFIG2 @ 0x8008
  1696                           ;	Flash Memory Self-Write Protection
  1697                           ;	WRT = OFF, Write protection off
  1698                           ;	Voltage Regulator Capacitor Enable
  1699                           ;	VCAPEN = OFF, All VCAP pin functionality is disabled
  1700                           ;	PLL Enable
  1701                           ;	PLLEN = OFF, 4x PLL disabled
  1702                           ;	Stack Overflow/Underflow Reset Enable
  1703                           ;	STVREN = ON, Stack Overflow or Underflow will cause a Reset
  1704                           ;	Brown-out Reset Voltage Selection
  1705                           ;	BORV = LO, Brown-out Reset Voltage (Vbor), low trip point selected.
  1706                           ;	Low-Voltage Programming Enable
  1707                           ;	LVP = ON, Low-voltage programming enabled
  1708     8008                     	org	32776
  1709     8008  3EFF               	dw	16127

Data Sizes:
    Strings     0
    Constant    0
    Data        22
    BSS         7
    Persistent  32
    Stack       0

Auto Spaces:
    Space          Size  Autos    Used
    COMMON           14      1      10
    BANK0            80      0      20
    BANK1            80      0       0
    BANK2            80      0       0
    BANK3            80      0       0
    BANK4            80      0       0
    BANK5            80      0       0
    BANK6            80      0       0
    BANK7            80      0       0
    BANK8            80      0       0
    BANK9            80      0       0
    BANK10           80      0       0
    BANK11           80      0       0
    BANK12           48      0       0

Pointer List with Targets:

    None.

Critical Paths under _main in COMMON

    None.

Critical Paths under _main in BANK0

    None.

Critical Paths under _main in BANK1

    None.

Critical Paths under _main in BANK2

    None.

Critical Paths under _main in BANK3

    None.

Critical Paths under _main in BANK4

    None.

Critical Paths under _main in BANK5

    None.

Critical Paths under _main in BANK6

    None.

Critical Paths under _main in BANK7

    None.

Critical Paths under _main in BANK8

    None.

Critical Paths under _main in BANK9

    None.

Critical Paths under _main in BANK10

    None.

Critical Paths under _main in BANK11

    None.

Critical Paths under _main in BANK12

    None.

Call Graph Tables:

 ---------------------------------------------------------------------------------
 (Depth) Function   	        Calls       Base Space   Used Autos Params    Refs
 ---------------------------------------------------------------------------------
 (0) _main                                                 1     1      0       0
                                              0 COMMON     1     1      0
 ---------------------------------------------------------------------------------
 Estimated maximum stack depth 0
 ---------------------------------------------------------------------------------

 Call Graph Graphs:

 _main (ROOT)

 Address spaces:
Name               Size   Autos  Total    Cost      Usage
BIGRAM             3F0      0       0       0        0.0%
EEDATA             100      0       0       0        0.0%
NULL                 0      0       0       0        0.0%
CODE                 0      0       0       0        0.0%
BITCOMMON            E      0       0       1        0.0%
BITSFR0              0      0       0       1        0.0%
SFR0                 0      0       0       1        0.0%
COMMON               E      1       A       2       71.4%
BITSFR1              0      0       0       2        0.0%
SFR1                 0      0       0       2        0.0%
BITSFR2              0      0       0       3        0.0%
SFR2                 0      0       0       3        0.0%
STACK                0      0       0       3        0.0%
BITBANK0            50      0       0       4        0.0%
BITSFR3              0      0       0       4        0.0%
SFR3                 0      0       0       4        0.0%
BANK0               50      0      14       5       25.0%
BITSFR4              0      0       0       5        0.0%
SFR4                 0      0       0       5        0.0%
BITBANK1            50      0       0       6        0.0%
BITSFR5              0      0       0       6        0.0%
SFR5                 0      0       0       6        0.0%
BANK1               50      0       0       7        0.0%
BITSFR6              0      0       0       7        0.0%
SFR6                 0      0       0       7        0.0%
BITBANK2            50      0       0       8        0.0%
BITSFR7              0      0       0       8        0.0%
SFR7                 0      0       0       8        0.0%
BANK2               50      0       0       9        0.0%
BITSFR8              0      0       0       9        0.0%
SFR8                 0      0       0       9        0.0%
BITBANK3            50      0       0      10        0.0%
BITSFR9              0      0       0      10        0.0%
SFR9                 0      0       0      10        0.0%
BANK3               50      0       0      11        0.0%
BITSFR10             0      0       0      11        0.0%
SFR10                0      0       0      11        0.0%
BITBANK4            50      0       0      12        0.0%
BITSFR11             0      0       0      12        0.0%
SFR11                0      0       0      12        0.0%
BANK4               50      0       0      13        0.0%
BITSFR12             0      0       0      13        0.0%
SFR12                0      0       0      13        0.0%
BITBANK5            50      0       0      14        0.0%
BITSFR13             0      0       0      14        0.0%
SFR13                0      0       0      14        0.0%
BANK5               50      0       0      15        0.0%
BITSFR14             0      0       0      15        0.0%
SFR14                0      0       0      15        0.0%
BITBANK6            50      0       0      16        0.0%
BITSFR15             0      0       0      16        0.0%
SFR15                0      0       0      16        0.0%
BANK6               50      0       0      17        0.0%
BITSFR16             0      0       0      17        0.0%
SFR16                0      0       0      17        0.0%
BITBANK7            50      0       0      18        0.0%
BITSFR17             0      0       0      18        0.0%
SFR17                0      0       0      18        0.0%
BANK7               50      0       0      19        0.0%
BITSFR18             0      0       0      19        0.0%
SFR18                0      0       0      19        0.0%
BITSFR19             0      0       0      20        0.0%
SFR19                0      0       0      20        0.0%
ABS                  0      0      1E      20        0.0%
BITBANK8            50      0       0      21        0.0%
BITSFR20             0      0       0      21        0.0%
SFR20                0      0       0      21        0.0%
BANK8               50      0       0      22        0.0%
BITSFR21             0      0       0      22        0.0%
SFR21                0      0       0      22        0.0%
BITBANK9            50      0       0      23        0.0%
BITSFR22             0      0       0      23        0.0%
SFR22                0      0       0      23        0.0%
BANK9               50      0       0      24        0.0%
BITSFR23             0      0       0      24        0.0%
SFR23                0      0       0      24        0.0%
BITBANK10           50      0       0      25        0.0%
BITSFR24             0      0       0      25        0.0%
SFR24                0      0       0      25        0.0%
BANK10              50      0       0      26        0.0%
BITSFR25             0      0       0      26        0.0%
SFR25                0      0       0      26        0.0%
BITBANK11           50      0       0      27        0.0%
BITSFR26             0      0       0      27        0.0%
SFR26                0      0       0      27        0.0%
BANK11              50      0       0      28        0.0%
BITSFR27             0      0       0      28        0.0%
SFR27                0      0       0      28        0.0%
BITBANK12           30      0       0      29        0.0%
BITSFR28             0      0       0      29        0.0%
SFR28                0      0       0      29        0.0%
BANK12              30      0       0      30        0.0%
BITSFR29             0      0       0      30        0.0%
SFR29                0      0       0      30        0.0%
BITSFR30             0      0       0      31        0.0%
SFR30                0      0       0      31        0.0%
DATA                 0      0      1E      31        0.0%
BITSFR31             0      0       0      32        0.0%
SFR31                0      0       0      32        0.0%


Microchip Technology PIC Macro Assembler V2.41 build 20230208172133 
Symbol Table                                                                                   Sat Aug 26 19:42:56 2023

                      _A 0070                        _D 0072                        _T 0077  
                      _U 0074                      u800 06DD                      u801 06DC  
                    u810 06EA                      u730 0656                      u811 06E9  
                    u731 0655                      u900 07B0                      u820 06EE  
                    u740 065A                      u901 07AF                      u821 06ED  
                    u741 0659                      u910 07BF                      u830 0717  
                    u750 0687                      u911 07BE                      u831 0716  
                    u751 0686                      u840 071B                      u760 0694  
                    u841 071A                      u761 0693                      u850 0721  
                    u770 069D                      u851 0720                      u771 069C  
                    u860 0754                      u780 06A1                      u861 0753  
                    u781 06A0                      u870 0767                      u790 06CF  
                    u871 0766                      u791 06CE                      u880 0771  
                    u881 0770                      u865 0750                      u890 07A4  
                    u891 07A3                      u875 0763                      u895 07A0  
                    wreg 0009                     l1200 06C5                     l1202 06C9  
                   l1210 06E5                     l1130 0641                     l1220 06F5  
                   l1212 06EA                     l1204 06CF                     l1140 064B  
                   l1132 0643                     l1222 06FB                     l1214 06EE  
                   l1230 0712                     l1206 06D7                     l1150 065A  
                   l1142 064D                     l1134 0645                     l1240 072A  
                   l1232 0717                     l1224 0702                     l1216 06F2  
                   l1208 06DD                     l1160 066C                     l1152 065C  
                   l1144 064F                     l1136 0647                     l1128 063D  
                   l1250 0747                     l1242 0731                     l1234 071B  
                   l1226 0704                     l1218 06F4                     l1170 0680  
                   l1162 066E                     l1154 065E                     l1146 0651  
                   l1138 0649                     l1252 0754                     l1244 0733  
                   l1236 0721                     l1260 076B                     l1228 070B  
                   l1172 0687                     l1164 066F                     l1156 065F  
                   l1148 0656                     l1180 0698                     l1270 0783  
                   l1262 0771                     l1254 0758                     l1246 0734  
                   l1238 0724                     l1190 06A8                     l1182 069D  
                   l1174 068B                     l1166 0675                     l1158 0665  
                   l1280 07AC                     l1272 0784                     l1264 0774  
                   l1256 075A                     l1248 0741                     l1192 06AE  
                   l1184 06A1                     l1176 068D                     l1168 067C  
                   l1290 07C8                     l1282 07B0                     l1274 0791  
                   l1266 077A                     l1258 0767                     l1194 06B5  
                   l1186 06A5                     l1178 0694                     l1292 07CF  
                   l1276 0797                     l1268 0781                     l1284 07B8  
                   l1196 06B7                     l1188 06A7                     l1294 07D1  
                   l1286 07BF                     l1278 07A4                     l1198 06BE  
                   l1296 07D2                     l1288 07C2                     _LATB 010D  
                   u1507 070E                     u1517 072D                     u1527 073D  
                   u1537 077D                     u1457 0668                     u1547 078D  
                   u1467 0678                     u1557 07CB                     u1477 06B1  
                   u1567 07DB                     u1487 06C1                     u1497 06FE  
                   _main 063D                     fsr0h 0005                     fsr1h 0007  
                   fsr0l 0004                     indf1 0001                     fsr1l 0006  
                   btemp 007E                     start 0002                    ?_main 0079  
                  _TRISB 008D                    status 0003                    wtemp0 007E  
        __initialization 07E2             __end_of_main 07E2                   ??_main 0079  
                 _ANSELB 018D                   _decoAC 0020                   _decoCC 002A  
           __pdataCOMMON 0077  __end_of__initialization 07FD           __pcstackCOMMON 0079  
           __pidataBANK0 0629               __pmaintext 063D     end_of_initialization 07FD  
                init_ram 0623                  initloop 0624                _PORTAbits 000C  
              _TRISAbits 008C                _TRISBbits 008D            __pidataCOMMON 0621  
    start_initialization 07E2              __pdataBANK0 0020              __pbssCOMMON 0070  
              ___latbits 0003                 _LATAbits 010C                 _LATBbits 010D  
             _ANSELAbits 018C                 _contador 0076  
